#
# A fatal error has been detected by the Java Runtime Environment:
#
#  SIGBUS (0x7) at pc=0x00007fac3c24e3bf, pid=32027, tid=140377731290880
#
# JRE version: 7.0_03-b04
# Java VM: Java HotSpot(TM) 64-Bit Server VM (22.1-b02 mixed mode linux-amd64 compressed oops)
# Problematic frame:
# C  [libc.so.6+0x1313bf]  __nss_hosts_lookup+0x1117f
#
# Core dump written. Default location: /home/lb3/Projects/ocpsoft/prettyfaces/annotations/core or core.32027
#
# If you would like to submit a bug report, please visit:
#   http://bugreport.sun.com/bugreport/crash.jsp
# The crash happened outside the Java Virtual Machine in native code.
# See problematic frame for where to report the bug.
#

---------------  T H R E A D  ---------------

Current thread (0x0000000000bef800):  JavaThread "main" [_thread_in_native, id=32030, stack(0x00007fac3cbed000,0x00007fac3ccee000)]

siginfo:si_signo=SIGBUS: si_errno=0, si_code=2 (BUS_ADRERR), si_addr=0x00007fac3534c000

Registers:
RAX=0x00007fac28547e10, RBX=0x0000000000006772, RCX=0x0000000000004000, RDX=0x0000000000003c22
RSP=0x00007fac3cce7b68, RBP=0x00007fac3cce7bc0, RSI=0x00007fac3534bfe2, RDI=0x00007fac2854a8e0
R8 =0x00007fac28547e10, R9 =0x00007fac3c24e3b0, R10=0x00007fac3715ab84, R11=0x00007fac3c282cb0
R12=0x00007fac353494e4, R13=0x00007fac28537ee0, R14=0x0000000000006f2f, R15=0x00007fac300e9a80
RIP=0x00007fac3c24e3bf, EFLAGS=0x0000000000010206, CSGSFS=0x0000000000000033, ERR=0x0000000000000004
  TRAPNO=0x000000000000000e

Top of Stack: (sp=0x00007fac3cce7b68)
0x00007fac3cce7b68:   00007fac3a14db87 00007fac3cce7d20
0x00007fac3cce7b78:   70632fac00000001 0000000000006772
0x00007fac3cce7b88:   0000000065746972 00007fac28537ee0
0x00007fac3cce7b98:   0000000000000000 00007fac300e9a80
0x00007fac3cce7ba8:   000000009d818480 00007fac3cce7c80
0x00007fac3cce7bb8:   0000000000bef800 00007fac3cce7be0
0x00007fac3cce7bc8:   00007fac3a14e057 000000009d818480
0x00007fac3cce7bd8:   0000000000000000 00007fac3cce7c50
0x00007fac3cce7be8:   00007fac3715abb1 00000000e4215f78
0x00007fac3cce7bf8:   00000000e2b349e0 0000003000000018
0x00007fac3cce7c08:   00007fac3cce7d30 00007fac3cce7c10
0x00007fac3cce7c18:   0000000000000000 00007fac3cce7c80
0x00007fac3cce7c28:   000000009d81abd0 0000000000000000
0x00007fac3cce7c38:   000000009d818480 0000000000000000
0x00007fac3cce7c48:   00007fac3cce7c70 00007fac3cce7cc8
0x00007fac3cce7c58:   00007fac3714f0b5 00000000e4108ce8
0x00007fac3cce7c68:   00007fac37157c17 0000000000000000
0x00007fac3cce7c78:   00007fac300e9a80 00007fac3cce7d10
0x00007fac3cce7c88:   00007fac3cce7c88 000000009d819b22
0x00007fac3cce7c98:   00007fac3cce7ce8 000000009d81abd0
0x00007fac3cce7ca8:   0000000000000000 000000009d819b30
0x00007fac3cce7cb8:   00007fac3cce7c70 00007fac3cce7cd8
0x00007fac3cce7cc8:   00007fac3cce7d40 00007fac3714f0b5
0x00007fac3cce7cd8:   0000000000000000 00007fac300e9a80
0x00007fac3cce7ce8:   00000000e42a9c60 0000000000000021
0x00007fac3cce7cf8:   00000000e42a9c60 00007fac3cce7cf0
0x00007fac3cce7d08:   000000009d9461b6 00007fac3cce7d78
0x00007fac3cce7d18:   000000009d946688 0000000000000000
0x00007fac3cce7d28:   000000009d946270 00007fac3cce7cd8
0x00007fac3cce7d38:   00007fac3cce7d78 00007fac3cce7dc0
0x00007fac3cce7d48:   00007fac3714f173 0000000000000000
0x00007fac3cce7d58:   0000000000000000 0000000000000000 

Instructions: (pc=0x00007fac3c24e3bf)
0x00007fac3c24e39f:   07 4d 8d 89 f9 ff ff ff 48 8d 52 c0 41 ff e1 0f
0x00007fac3c24e3af:   0b 0f 18 86 c0 01 00 00 48 83 ea 40 0f 28 56 0e
0x00007fac3c24e3bf:   0f 28 5e 1e 0f 28 66 2e 0f 28 6e 3e 66 0f 6f f5
0x00007fac3c24e3cf:   66 0f 3a 0f ec 02 48 8d 76 40 66 0f 3a 0f e3 02 

Register to memory mapping:

RAX=0x00007fac28547e10 is an unknown value
RBX=0x0000000000006772 is an unknown value
RCX=0x0000000000004000 is an unknown value
RDX=0x0000000000003c22 is an unknown value
RSP=0x00007fac3cce7b68 is pointing into the stack for thread: 0x0000000000bef800
RBP=0x00007fac3cce7bc0 is pointing into the stack for thread: 0x0000000000bef800
RSI=0x00007fac3534bfe2 is an unknown value
RDI=0x00007fac2854a8e0 is an unknown value
R8 =0x00007fac28547e10 is an unknown value
R9 =0x00007fac3c24e3b0: <offset 0x1313b0> in /lib/x86_64-linux-gnu/libc.so.6 at 0x00007fac3c11d000
R10=0x00007fac3715ab84 is an Interpreter codelet
method entry point (kind = native)  [0x00007fac3715a920, 0x00007fac3715b160]  2112 bytes
R11=0x00007fac3c282cb0: <offset 0x165cb0> in /lib/x86_64-linux-gnu/libc.so.6 at 0x00007fac3c11d000
R12=0x00007fac353494e4 is an unknown value
R13=0x00007fac28537ee0 is an unknown value
R14=0x0000000000006f2f is an unknown value
R15=0x00007fac300e9a80 is an unknown value


Stack: [0x00007fac3cbed000,0x00007fac3ccee000],  sp=0x00007fac3cce7b68,  free space=1002k
Native frames: (J=compiled Java code, j=interpreted, Vv=VM code, C=native code)
C  [libc.so.6+0x1313bf]  __nss_hosts_lookup+0x1117f
C  [libzip.so+0x5057]  ZIP_GetNextEntry+0x57
j  java.util.zip.ZipFile.getNextEntry(JI)J+0
j  java.util.zip.ZipFile.access$500(JI)J+2
j  java.util.zip.ZipFile$1.nextElement()Ljava/util/zip/ZipEntry;+54
j  java.util.zip.ZipFile$1.nextElement()Ljava/lang/Object;+1
j  java.util.jar.JarFile$1.nextElement()Ljava/util/jar/JarFile$JarFileEntry;+4
j  java.util.jar.JarFile$1.nextElement()Ljava/lang/Object;+1
j  sun.misc.URLClassPath$JarLoader.validIndex(Ljava/lang/String;)Z+42

Java frames: (J=compiled Java code, j=interpreted, Vv=VM code)
j  java.util.zip.ZipFile.getNextEntry(JI)J+0
j  java.util.zip.ZipFile.access$500(JI)J+2
j  java.util.zip.ZipFile$1.nextElement()Ljava/util/zip/ZipEntry;+54
j  java.util.zip.ZipFile$1.nextElement()Ljava/lang/Object;+1
j  java.util.jar.JarFile$1.nextElement()Ljava/util/jar/JarFile$JarFileEntry;+4
j  java.util.jar.JarFile$1.nextElement()Ljava/lang/Object;+1
j  sun.misc.URLClassPath$JarLoader.validIndex(Ljava/lang/String;)Z+42
J  sun.misc.URLClassPath$JarLoader.getResource(Ljava/lang/String;ZLjava/util/Set;)Lsun/misc/Resource;
J  sun.misc.URLClassPath$JarLoader.getResource(Ljava/lang/String;Z)Lsun/misc/Resource;
j  sun.misc.URLClassPath$JarLoader.findResource(Ljava/lang/String;Z)Ljava/net/URL;+3
j  sun.misc.URLClassPath.findResource(Ljava/lang/String;Z)Ljava/net/URL;+17
j  java.net.URLClassLoader$2.run()Ljava/net/URL;+12
j  java.net.URLClassLoader$2.run()Ljava/lang/Object;+1
v  ~StubRoutines::call_stub
j  java.security.AccessController.doPrivileged(Ljava/security/PrivilegedAction;Ljava/security/AccessControlContext;)Ljava/lang/Object;+0
j  java.net.URLClassLoader.findResource(Ljava/lang/String;)Ljava/net/URL;+13
j  java.lang.ClassLoader.getResource(Ljava/lang/String;)Ljava/net/URL;+30
j  java.net.URLClassLoader.getResourceAsStream(Ljava/lang/String;)Ljava/io/InputStream;+2
j  org.jboss.shrinkwrap.impl.base.ServiceExtensionLoader.findExtensionImpl(Ljava/lang/Class;)Ljava/io/InputStream;+52
j  org.jboss.shrinkwrap.impl.base.ServiceExtensionLoader.loadExtensionMapping(Ljava/lang/Class;)Lorg/jboss/shrinkwrap/impl/base/ExtensionWrapper;+2
j  org.jboss.shrinkwrap.impl.base.ServiceExtensionLoader.createFromLoadExtension(Ljava/lang/Class;Lorg/jboss/shrinkwrap/api/Archive;)Lorg/jboss/shrinkwrap/api/Assignable;+2
j  org.jboss.shrinkwrap.impl.base.ServiceExtensionLoader.load(Ljava/lang/Class;Lorg/jboss/shrinkwrap/api/Archive;)Lorg/jboss/shrinkwrap/api/Assignable;+18
j  org.jboss.shrinkwrap.impl.base.ArchiveBase.as(Ljava/lang/Class;)Lorg/jboss/shrinkwrap/api/Assignable;+15
j  org.jboss.shrinkwrap.api.ArchiveFactory.create(Ljava/lang/Class;Ljava/lang/String;)Lorg/jboss/shrinkwrap/api/Assignable;+104
j  org.jboss.shrinkwrap.api.ShrinkWrap.create(Ljava/lang/Class;Ljava/lang/String;)Lorg/jboss/shrinkwrap/api/Assignable;+43
j  org.jboss.shrinkwrap.resolver.impl.maven.MavenBuilderImpl.resolveAs(Ljava/lang/Class;Lorg/jboss/shrinkwrap/resolver/api/maven/MavenResolutionFilter;)Ljava/util/Collection;+78
j  org.jboss.shrinkwrap.resolver.impl.maven.MavenBuilderImpl.resolveAs(Ljava/lang/Class;)Ljava/util/Collection;+5
j  org.ocpsoft.rewrite.test.RewriteTestBase.resolveDependency(Ljava/lang/String;)Lorg/jboss/shrinkwrap/api/GenericArchive;+39
j  org.ocpsoft.prettyfaces.test.PrettyFacesTest.getBaseDeployment()Lorg/jboss/shrinkwrap/api/spec/WebArchive;+2
j  org.ocpsoft.prettyfaces.annotation.basic.queryparam.QueryParameterValidationTest.getDeployment()Lorg/jboss/shrinkwrap/api/spec/WebArchive;+0
v  ~StubRoutines::call_stub
j  sun.reflect.NativeMethodAccessorImpl.invoke0(Ljava/lang/reflect/Method;Ljava/lang/Object;[Ljava/lang/Object;)Ljava/lang/Object;+0
j  sun.reflect.NativeMethodAccessorImpl.invoke(Ljava/lang/Object;[Ljava/lang/Object;)Ljava/lang/Object;+87
j  sun.reflect.DelegatingMethodAccessorImpl.invoke(Ljava/lang/Object;[Ljava/lang/Object;)Ljava/lang/Object;+6
j  java.lang.reflect.Method.invoke(Ljava/lang/Object;[Ljava/lang/Object;)Ljava/lang/Object;+57
j  org.jboss.arquillian.container.test.impl.client.deployment.AnnotationDeploymentScenarioGenerator.invoke(Ljava/lang/Class;Ljava/lang/reflect/Method;)Ljava/lang/Object;+7
j  org.jboss.arquillian.container.test.impl.client.deployment.AnnotationDeploymentScenarioGenerator.generateDeployment(Ljava/lang/reflect/Method;)Lorg/jboss/arquillian/container/spi/client/deployment/DeploymentDescription;+56
j  org.jboss.arquillian.container.test.impl.client.deployment.AnnotationDeploymentScenarioGenerator.generate(Lorg/jboss/arquillian/test/spi/TestClass;)Ljava/util/List;+51
j  org.jboss.arquillian.container.test.impl.client.deployment.DeploymentGenerator.generateDeployment(Lorg/jboss/arquillian/container/test/impl/client/deployment/event/GenerateDeployment;)V+40
v  ~StubRoutines::call_stub
j  sun.reflect.NativeMethodAccessorImpl.invoke0(Ljava/lang/reflect/Method;Ljava/lang/Object;[Ljava/lang/Object;)Ljava/lang/Object;+0
j  sun.reflect.NativeMethodAccessorImpl.invoke(Ljava/lang/Object;[Ljava/lang/Object;)Ljava/lang/Object;+87
j  sun.reflect.DelegatingMethodAccessorImpl.invoke(Ljava/lang/Object;[Ljava/lang/Object;)Ljava/lang/Object;+6
j  java.lang.reflect.Method.invoke(Ljava/lang/Object;[Ljava/lang/Object;)Ljava/lang/Object;+57
j  org.jboss.arquillian.core.impl.ObserverImpl.invoke(Lorg/jboss/arquillian/core/spi/Manager;Ljava/lang/Object;)Z+26
j  org.jboss.arquillian.core.impl.EventContextImpl.invokeObservers()V+47
j  org.jboss.arquillian.core.impl.EventContextImpl.proceed()V+17
j  org.jboss.arquillian.core.impl.ManagerImpl.fire(Ljava/lang/Object;Lorg/jboss/arquillian/core/spi/NonManagedObserver;)V+59
j  org.jboss.arquillian.core.impl.ManagerImpl.fire(Ljava/lang/Object;)V+3
j  org.jboss.arquillian.core.impl.EventImpl.fire(Ljava/lang/Object;)V+5
j  org.jboss.arquillian.container.test.impl.client.ContainerEventController.execute(Lorg/jboss/arquillian/test/spi/event/suite/BeforeClass;)V+31
v  ~StubRoutines::call_stub
j  sun.reflect.NativeMethodAccessorImpl.invoke0(Ljava/lang/reflect/Method;Ljava/lang/Object;[Ljava/lang/Object;)Ljava/lang/Object;+0
j  sun.reflect.NativeMethodAccessorImpl.invoke(Ljava/lang/Object;[Ljava/lang/Object;)Ljava/lang/Object;+87
j  sun.reflect.DelegatingMethodAccessorImpl.invoke(Ljava/lang/Object;[Ljava/lang/Object;)Ljava/lang/Object;+6
j  java.lang.reflect.Method.invoke(Ljava/lang/Object;[Ljava/lang/Object;)Ljava/lang/Object;+57
j  org.jboss.arquillian.core.impl.ObserverImpl.invoke(Lorg/jboss/arquillian/core/spi/Manager;Ljava/lang/Object;)Z+26
j  org.jboss.arquillian.core.impl.EventContextImpl.invokeObservers()V+47
j  org.jboss.arquillian.core.impl.EventContextImpl.proceed()V+17
j  org.jboss.arquillian.test.impl.TestContextHandler.createClassContext(Lorg/jboss/arquillian/core/spi/EventContext;)V+56
v  ~StubRoutines::call_stub
j  sun.reflect.NativeMethodAccessorImpl.invoke0(Ljava/lang/reflect/Method;Ljava/lang/Object;[Ljava/lang/Object;)Ljava/lang/Object;+0
j  sun.reflect.NativeMethodAccessorImpl.invoke(Ljava/lang/Object;[Ljava/lang/Object;)Ljava/lang/Object;+87
j  sun.reflect.DelegatingMethodAccessorImpl.invoke(Ljava/lang/Object;[Ljava/lang/Object;)Ljava/lang/Object;+6
j  java.lang.reflect.Method.invoke(Ljava/lang/Object;[Ljava/lang/Object;)Ljava/lang/Object;+57
j  org.jboss.arquillian.core.impl.ObserverImpl.invoke(Lorg/jboss/arquillian/core/spi/Manager;Ljava/lang/Object;)Z+26
j  org.jboss.arquillian.core.impl.EventContextImpl.proceed()V+66
j  org.jboss.arquillian.test.impl.TestContextHandler.createSuiteContext(Lorg/jboss/arquillian/core/spi/EventContext;)V+20
v  ~StubRoutines::call_stub
j  sun.reflect.NativeMethodAccessorImpl.invoke0(Ljava/lang/reflect/Method;Ljava/lang/Object;[Ljava/lang/Object;)Ljava/lang/Object;+0
j  sun.reflect.NativeMethodAccessorImpl.invoke(Ljava/lang/Object;[Ljava/lang/Object;)Ljava/lang/Object;+87
j  sun.reflect.DelegatingMethodAccessorImpl.invoke(Ljava/lang/Object;[Ljava/lang/Object;)Ljava/lang/Object;+6
j  java.lang.reflect.Method.invoke(Ljava/lang/Object;[Ljava/lang/Object;)Ljava/lang/Object;+57
j  org.jboss.arquillian.core.impl.ObserverImpl.invoke(Lorg/jboss/arquillian/core/spi/Manager;Ljava/lang/Object;)Z+26
j  org.jboss.arquillian.core.impl.EventContextImpl.proceed()V+66
j  org.jboss.arquillian.core.impl.ManagerImpl.fire(Ljava/lang/Object;Lorg/jboss/arquillian/core/spi/NonManagedObserver;)V+59
j  org.jboss.arquillian.core.impl.ManagerImpl.fire(Ljava/lang/Object;)V+3
j  org.jboss.arquillian.test.impl.EventTestRunnerAdaptor.beforeClass(Ljava/lang/Class;Lorg/jboss/arquillian/test/spi/LifecycleMethodExecutor;)V+19
j  org.jboss.arquillian.junit.Arquillian$2.evaluate()V+24
j  org.jboss.arquillian.junit.Arquillian.multiExecute([Lorg/junit/runners/model/Statement;)V+32
j  org.jboss.arquillian.junit.Arquillian.access$100(Lorg/jboss/arquillian/junit/Arquillian;[Lorg/junit/runners/model/Statement;)V+2
j  org.jboss.arquillian.junit.Arquillian$3.evaluate()V+26
j  org.junit.runners.ParentRunner.run(Lorg/junit/runner/notification/RunNotifier;)V+20
j  org.jboss.arquillian.junit.Arquillian.run(Lorg/junit/runner/notification/RunNotifier;)V+100
j  org.apache.maven.surefire.junit4.JUnit4TestSet.execute(Ljava/lang/Class;Lorg/junit/runner/notification/RunNotifier;)V+10
j  org.apache.maven.surefire.junit4.JUnit4Provider.executeTestSet(Ljava/lang/Class;Lorg/apache/maven/surefire/report/ReporterManager;Ljava/lang/ClassLoader;Lorg/junit/runner/notification/RunNotifier;)V+41
j  org.apache.maven.surefire.junit4.JUnit4Provider.invoke(Ljava/lang/Object;)Lorg/apache/maven/surefire/suite/RunResult;+120
v  ~StubRoutines::call_stub
j  sun.reflect.NativeMethodAccessorImpl.invoke0(Ljava/lang/reflect/Method;Ljava/lang/Object;[Ljava/lang/Object;)Ljava/lang/Object;+0
j  sun.reflect.NativeMethodAccessorImpl.invoke(Ljava/lang/Object;[Ljava/lang/Object;)Ljava/lang/Object;+87
j  sun.reflect.DelegatingMethodAccessorImpl.invoke(Ljava/lang/Object;[Ljava/lang/Object;)Ljava/lang/Object;+6
j  java.lang.reflect.Method.invoke(Ljava/lang/Object;[Ljava/lang/Object;)Ljava/lang/Object;+57
j  org.apache.maven.surefire.booter.ProviderFactory$ClassLoaderProxy.invoke(Ljava/lang/Object;Ljava/lang/reflect/Method;[Ljava/lang/Object;)Ljava/lang/Object;+48
j  $Proxy0.invoke(Ljava/lang/Object;)Lorg/apache/maven/surefire/suite/RunResult;+16
j  org.apache.maven.surefire.booter.SurefireStarter.invokeProvider(Ljava/lang/Object;Ljava/lang/ClassLoader;Ljava/lang/ClassLoader;)Lorg/apache/maven/surefire/suite/RunResult;+39
j  org.apache.maven.surefire.booter.SurefireStarter.runSuitesInProcess()I+23
j  org.apache.maven.surefire.booter.ForkedBooter.main([Ljava/lang/String;)V+118
v  ~StubRoutines::call_stub

---------------  P R O C E S S  ---------------

Java Threads: ( => current thread )
  0x00007fac284ed000 JavaThread "process reaper" daemon [_thread_blocked, id=32052, stack(0x00007fac34531000,0x00007fac3454b000)]
  0x00007fac28316800 JavaThread "qtp98499519-16 Acceptor0 SelectChannelConnector@localhost:9090" [_thread_in_native, id=32050, stack(0x00007fac3454b000,0x00007fac3464c000)]
  0x00007fac28314800 JavaThread "qtp98499519-15" [_thread_blocked, id=32049, stack(0x00007fac3464c000,0x00007fac3474d000)]
  0x00007fac28312800 JavaThread "qtp98499519-14" [_thread_blocked, id=32048, stack(0x00007fac3474d000,0x00007fac3484e000)]
  0x00007fac28311000 JavaThread "qtp98499519-13" [_thread_blocked, id=32047, stack(0x00007fac3484e000,0x00007fac3494f000)]
  0x00007fac2830f800 JavaThread "qtp98499519-12" [_thread_blocked, id=32046, stack(0x00007fac3494f000,0x00007fac34a50000)]
  0x00007fac2830e000 JavaThread "qtp98499519-11" [_thread_blocked, id=32045, stack(0x00007fac34a50000,0x00007fac34b51000)]
  0x00007fac2830d000 JavaThread "qtp98499519-10" [_thread_blocked, id=32044, stack(0x00007fac34b51000,0x00007fac34c52000)]
  0x00007fac28303800 JavaThread "qtp98499519-9 Selector0" [_thread_in_native, id=32043, stack(0x00007fac34c52000,0x00007fac34d53000)]
  0x00007fac30055000 JavaThread "Service Thread" daemon [_thread_blocked, id=32041, stack(0x00007fac35454000,0x00007fac35555000)]
  0x00007fac30052800 JavaThread "C2 CompilerThread1" daemon [_thread_blocked, id=32040, stack(0x00007fac35555000,0x00007fac35656000)]
  0x00007fac3004f800 JavaThread "C2 CompilerThread0" daemon [_thread_blocked, id=32039, stack(0x00007fac35656000,0x00007fac35757000)]
  0x00007fac3004d800 JavaThread "Signal Dispatcher" daemon [_thread_blocked, id=32038, stack(0x00007fac35757000,0x00007fac35858000)]
  0x00007fac30001000 JavaThread "Finalizer" daemon [_thread_blocked, id=32037, stack(0x00007fac35ddc000,0x00007fac35edd000)]
  0x0000000000ca2000 JavaThread "Reference Handler" daemon [_thread_blocked, id=32036, stack(0x00007fac35edd000,0x00007fac35fde000)]
=>0x0000000000bef800 JavaThread "main" [_thread_in_native, id=32030, stack(0x00007fac3cbed000,0x00007fac3ccee000)]

Other Threads:
  0x0000000000c9a800 VMThread [stack: 0x00007fac35fde000,0x00007fac360df000] [id=32035]
  0x00007fac30068000 WatcherThread [stack: 0x00007fac35353000,0x00007fac35454000] [id=32042]

VM state:not at safepoint (normal execution)

VM Mutex/Monitor currently owned by a thread: None

Heap
 PSYoungGen      total 51840K, used 35942K [0x00000000e0d60000, 0x00000000e43e0000, 0x0000000100000000)
  eden space 47872K, 66% used [0x00000000e0d60000,0x00000000e2c9bb00,0x00000000e3c20000)
  from space 3968K, 99% used [0x00000000e4000000,0x00000000e43ddf88,0x00000000e43e0000)
  to   space 3968K, 0% used [0x00000000e3c20000,0x00000000e3c20000,0x00000000e4000000)
 PSOldGen        total 63872K, used 2002K [0x00000000a2800000, 0x00000000a6660000, 0x00000000e0d60000)
  object space 63872K, 3% used [0x00000000a2800000,0x00000000a29f4988,0x00000000a6660000)
 PSPermGen       total 21248K, used 15069K [0x000000009d600000, 0x000000009eac0000, 0x00000000a2800000)
  object space 21248K, 70% used [0x000000009d600000,0x000000009e4b7440,0x000000009eac0000)

Code Cache  [0x00007fac37149000, 0x00007fac373b9000, 0x00007fac3a149000)
 total_blobs=560 nmethods=282 adapters=231 free_code_cache=48063Kb largest_free_block=49169152

Dynamic libraries:
00400000-00401000 r-xp 00000000 08:05 18277422                           /usr/lib/jvm/java-7-oracle/jre/bin/java
00600000-00601000 rw-p 00000000 08:05 18277422                           /usr/lib/jvm/java-7-oracle/jre/bin/java
00be7000-0148b000 rw-p 00000000 00:00 0                                  [heap]
9d600000-9eac0000 rw-p 00000000 00:00 0 
9eac0000-a2800000 rw-p 00000000 00:00 0 
a2800000-a6660000 rw-p 00000000 00:00 0 
a6660000-e0d60000 rw-p 00000000 00:00 0 
e0d60000-e43e0000 rw-p 00000000 00:00 0 
e43e0000-100000000 rw-p 00000000 00:00 0 
7fac28000000-7fac285cb000 rw-p 00000000 00:00 0 
7fac285cb000-7fac2c000000 ---p 00000000 00:00 0 
7fac30000000-7fac30718000 rw-p 00000000 00:00 0 
7fac30718000-7fac34000000 ---p 00000000 00:00 0 
7fac34531000-7fac34534000 ---p 00000000 00:00 0 
7fac34534000-7fac3454b000 rw-p 00000000 00:00 0 
7fac3454b000-7fac3454e000 ---p 00000000 00:00 0 
7fac3454e000-7fac3464c000 rw-p 00000000 00:00 0 
7fac3464c000-7fac3464f000 ---p 00000000 00:00 0 
7fac3464f000-7fac3474d000 rw-p 00000000 00:00 0 
7fac3474d000-7fac34750000 ---p 00000000 00:00 0 
7fac34750000-7fac3484e000 rw-p 00000000 00:00 0 
7fac3484e000-7fac34851000 ---p 00000000 00:00 0 
7fac34851000-7fac3494f000 rw-p 00000000 00:00 0 
7fac3494f000-7fac34952000 ---p 00000000 00:00 0 
7fac34952000-7fac34a50000 rw-p 00000000 00:00 0 
7fac34a50000-7fac34a53000 ---p 00000000 00:00 0 
7fac34a53000-7fac34b51000 rw-p 00000000 00:00 0 
7fac34b51000-7fac34b54000 ---p 00000000 00:00 0 
7fac34b54000-7fac34c52000 rw-p 00000000 00:00 0 
7fac34c52000-7fac34c55000 ---p 00000000 00:00 0 
7fac34c55000-7fac34d53000 rw-p 00000000 00:00 0 
7fac34d53000-7fac34d68000 r-xp 00000000 08:05 18286636                   /usr/lib/jvm/java-7-oracle/jre/lib/amd64/libnet.so
7fac34d68000-7fac34f68000 ---p 00015000 08:05 18286636                   /usr/lib/jvm/java-7-oracle/jre/lib/amd64/libnet.so
7fac34f68000-7fac34f69000 rw-p 00015000 08:05 18286636                   /usr/lib/jvm/java-7-oracle/jre/lib/amd64/libnet.so
7fac34f69000-7fac34f79000 r-xp 00000000 08:05 18286631                   /usr/lib/jvm/java-7-oracle/jre/lib/amd64/libnio.so
7fac34f79000-7fac35179000 ---p 00010000 08:05 18286631                   /usr/lib/jvm/java-7-oracle/jre/lib/amd64/libnio.so
7fac35179000-7fac3517a000 rw-p 00010000 08:05 18286631                   /usr/lib/jvm/java-7-oracle/jre/lib/amd64/libnio.so
7fac3517a000-7fac3517b000 r--s 00003000 08:05 7242620                    /home/lb3/.m2/repository/org/apache/maven/surefire/surefire-junit4/2.7.1/surefire-junit4-2.7.1.jar
7fac3517b000-7fac35181000 r--s 00033000 08:05 7431954                    /home/lb3/.m2/repository/junit/junit/4.7/junit-4.7.jar
7fac35181000-7fac35185000 r--s 00013000 08:05 7127888                    /home/lb3/.m2/repository/org/jboss/spec/javax/xml/bind/jboss-jaxb-api_2.2_spec/1.0.0.Final/jboss-jaxb-api_2.2_spec-1.0.0.Final.jar
7fac35185000-7fac35187000 r--s 00007000 08:05 7127873                    /home/lb3/.m2/repository/org/jboss/spec/javax/el/jboss-el-api_2.2_spec/1.0.0.Final/jboss-el-api_2.2_spec-1.0.0.Final.jar
7fac35187000-7fac35193000 r--s 000b0000 08:05 9085670                    /home/lb3/.m2/repository/org/jboss/spec/javax/faces/jboss-jsf-api_2.1_spec/2.0.0.Beta1/jboss-jsf-api_2.1_spec-2.0.0.Beta1.jar
7fac35193000-7fac35196000 r--s 0000f000 08:05 7127885                    /home/lb3/.m2/repository/org/jboss/spec/javax/servlet/jboss-servlet-api_3.0_spec/1.0.0.Final/jboss-servlet-api_3.0_spec-1.0.0.Final.jar
7fac35196000-7fac35199000 r--s 0000a000 08:05 7193929                    /home/lb3/.m2/repository/javax/servlet/jsp/jsp-api/2.2/jsp-api-2.2.jar
7fac35199000-7fac3519b000 r--s 00007000 08:05 7127853                    /home/lb3/.m2/repository/javax/el/el-api/2.2/el-api-2.2.jar
7fac3519b000-7fac3519e000 r--s 00018000 08:05 7168129                    /home/lb3/.m2/repository/org/glassfish/web/el-impl/2.2/el-impl-2.2.jar
7fac3519e000-7fac3519f000 r--s 00000000 08:05 7127946                    /home/lb3/.m2/repository/javax/inject/javax.inject/1/javax.inject-1.jar
7fac3519f000-7fac351a0000 r--s 00001000 08:05 7127835                    /home/lb3/.m2/repository/org/jboss/spec/javax/interceptor/jboss-interceptors-api_1.1_spec/1.0.0.Beta1/jboss-interceptors-api_1.1_spec-1.0.0.Beta1.jar
7fac351a0000-7fac351a3000 r--s 0000a000 08:05 7127836                    /home/lb3/.m2/repository/javax/enterprise/cdi-api/1.0-SP4/cdi-api-1.0-SP4.jar
7fac351a3000-7fac351aa000 r--s 00053000 08:05 7415587                    /home/lb3/.m2/repository/log4j/log4j/1.2.14/log4j-1.2.14.jar
7fac351aa000-7fac351ab000 r--s 00002000 08:05 7127949                    /home/lb3/.m2/repository/org/slf4j/slf4j-log4j12/1.5.10/slf4j-log4j12-1.5.10.jar
7fac351ab000-7fac351ac000 r--s 00005000 08:05 7127940                    /home/lb3/.m2/repository/org/slf4j/slf4j-api/1.5.10/slf4j-api-1.5.10.jar
7fac351ac000-7fac351ad000 r--s 00001000 08:05 7143919                    /home/lb3/.m2/repository/org/slf4j/slf4j-simple/1.5.10/slf4j-simple-1.5.10.jar
7fac351ad000-7fac351af000 r--s 0000c000 08:05 18007510                   /home/lb3/.m2/repository/org/eclipse/jetty/orbit/javax.activation/1.1.0.v201105071233/javax.activation-1.1.0.v201105071233.jar
7fac351af000-7fac351b5000 r--s 00072000 08:05 18007509                   /home/lb3/.m2/repository/org/eclipse/jetty/orbit/javax.mail.glassfish/1.4.1.v201005082020/javax.mail.glassfish-1.4.1.v201005082020.jar
7fac351b5000-7fac351b7000 r--s 00008000 08:05 18007508                   /home/lb3/.m2/repository/org/eclipse/jetty/jetty-jndi/8.1.2.v20120308/jetty-jndi-8.1.2.v20120308.jar
7fac351b7000-7fac351b9000 r--s 00006000 08:05 18007507                   /home/lb3/.m2/repository/org/eclipse/jetty/orbit/javax.transaction/1.1.1.v201105210645/javax.transaction-1.1.1.v201105210645.jar
7fac351b9000-7fac351bb000 r--s 00013000 08:05 18007506                   /home/lb3/.m2/repository/org/eclipse/jetty/jetty-plus/8.1.2.v20120308/jetty-plus-8.1.2.v20120308.jar
7fac351bb000-7fac351bd000 r--s 00017000 08:05 18007500                   /home/lb3/.m2/repository/org/eclipse/jetty/jetty-io/8.1.2.v20120308/jetty-io-8.1.2.v20120308.jar
7fac351bd000-7fac351bf000 r--s 00015000 08:05 18007499                   /home/lb3/.m2/repository/org/eclipse/jetty/jetty-http/8.1.2.v20120308/jetty-http-8.1.2.v20120308.jar
7fac351bf000-7fac351c1000 r--s 00004000 08:05 18007498                   /home/lb3/.m2/repository/org/eclipse/jetty/jetty-continuation/8.1.2.v20120308/jetty-continuation-8.1.2.v20120308.jar
7fac351c1000-7fac351c4000 r--s 0002e000 08:05 18007497                   /home/lb3/.m2/repository/org/eclipse/jetty/orbit/javax.servlet/3.0.0.v201112011016/javax.servlet-3.0.0.v201112011016.jar
7fac351c4000-7fac351c9000 r--s 0004c000 08:05 18007496                   /home/lb3/.m2/repository/org/eclipse/jetty/jetty-server/8.1.2.v20120308/jetty-server-8.1.2.v20120308.jar
7fac351c9000-7fac351cc000 r--s 00013000 08:05 18007490                   /home/lb3/.m2/repository/org/eclipse/jetty/jetty-security/8.1.2.v20120308/jetty-security-8.1.2.v20120308.jar
7fac351cc000-7fac351ce000 r--s 00016000 08:05 18007489                   /home/lb3/.m2/repository/org/eclipse/jetty/jetty-servlet/8.1.2.v20120308/jetty-servlet-8.1.2.v20120308.jar
7fac351ce000-7fac351d3000 r--s 0003d000 08:05 18007488                   /home/lb3/.m2/repository/org/eclipse/jetty/jetty-util/8.1.2.v20120308/jetty-util-8.1.2.v20120308.jar
7fac351d3000-7fac351d5000 r--s 00008000 08:05 18007487                   /home/lb3/.m2/repository/org/eclipse/jetty/jetty-xml/8.1.2.v20120308/jetty-xml-8.1.2.v20120308.jar
7fac351d5000-7fac351d8000 r--s 00018000 08:05 18007486                   /home/lb3/.m2/repository/org/eclipse/jetty/jetty-webapp/8.1.2.v20120308/jetty-webapp-8.1.2.v20120308.jar
7fac351d8000-7fac351da000 r--s 00005000 08:05 7381160                    /home/lb3/.m2/repository/org/apache/maven/wagon/wagon-http-shared/1.0-beta-7/wagon-http-shared-1.0-beta-7.jar
7fac351da000-7fac351db000 r--s 00003000 08:05 7381158                    /home/lb3/.m2/repository/org/apache/maven/wagon/wagon-http-lightweight/1.0-beta-7/wagon-http-lightweight-1.0-beta-7.jar
7fac351db000-7fac351dc000 r--s 00002000 08:05 7381155                    /home/lb3/.m2/repository/org/apache/maven/wagon/wagon-file/1.0-beta-7/wagon-file-1.0-beta-7.jar
7fac351dc000-7fac351de000 r--s 0000b000 08:05 7143920                    /home/lb3/.m2/repository/org/apache/maven/wagon/wagon-provider-api/1.0-beta-7/wagon-provider-api-1.0-beta-7.jar
7fac351de000-7fac351e0000 r--s 00002000 08:05 7143916                    /home/lb3/.m2/repository/org/sonatype/plexus/plexus-cipher/1.4/plexus-cipher-1.4.jar
7fac351e0000-7fac351e1000 r--s 00006000 08:05 7143905                    /home/lb3/.m2/repository/org/sonatype/plexus/plexus-sec-dispatcher/1.3/plexus-sec-dispatcher-1.3.jar
7fac351e1000-7fac351e3000 r--s 0000a000 08:05 19628033                   /home/lb3/.m2/repository/org/apache/maven/maven-settings/3.0.1/maven-settings-3.0.1.jar
7fac351e3000-7fac351e5000 r--s 0000d000 08:05 7137042                    /home/lb3/.m2/repository/org/codehaus/plexus/plexus-interpolation/1.14/plexus-interpolation-1.14.jar
7fac351e5000-7fac351e8000 r--s 00008000 08:05 7407187                    /home/lb3/.m2/repository/org/apache/maven/maven-settings-builder/3.0.1/maven-settings-builder-3.0.1.jar
7fac351e8000-7fac351ec000 r--s 00033000 08:05 7137036                    /home/lb3/.m2/repository/org/codehaus/plexus/plexus-utils/2.0.4/plexus-utils-2.0.4.jar
7fac351ec000-7fac351ee000 r--s 00000000 08:05 7137043                    /home/lb3/.m2/repository/org/codehaus/plexus/plexus-component-annotations/1.5.5/plexus-component-annotations-1.5.5.jar
7fac351ee000-7fac351f1000 r--s 00018000 08:05 19595265                   /home/lb3/.m2/repository/org/sonatype/aether/aether-impl/1.8/aether-impl-1.8.jar
7fac351f1000-7fac351f3000 r--s 00006000 08:05 19505154                   /home/lb3/.m2/repository/org/apache/maven/maven-repository-metadata/3.0.1/maven-repository-metadata-3.0.1.jar
7fac351f3000-7fac351f8000 r--s 00020000 08:05 19464194                   /home/lb3/.m2/repository/org/apache/maven/maven-model-builder/3.0.1/maven-model-builder-3.0.1.jar
7fac351f8000-7fac351fb000 r--s 00026000 08:05 19423233                   /home/lb3/.m2/repository/org/apache/maven/maven-model/3.0.1/maven-model-3.0.1.jar
7fac351fb000-7fac351fd000 r--s 0000b000 08:05 19341313                   /home/lb3/.m2/repository/org/apache/maven/maven-aether-provider/3.0.1/maven-aether-provider-3.0.1.jar
7fac351fd000-7fac3520a000 r--s 00081000 08:05 7234497                    /home/lb3/.m2/repository/com/google/collections/google-collections/1.0/google-collections-1.0.jar
7fac3520a000-7fac3520b000 r--s 0000a000 08:05 7381157                    /home/lb3/.m2/repository/commons-logging/commons-logging-api/1.1/commons-logging-api-1.1.jar
7fac3520b000-7fac3520f000 r--s 0001d000 08:05 7234499                    /home/lb3/.m2/repository/org/apache/xbean/xbean-reflect/3.4/xbean-reflect-3.4.jar
7fac3520f000-7fac35211000 r--s 0000a000 08:05 7194320                    /home/lb3/.m2/repository/org/codehaus/plexus/plexus-classworlds/2.2.2/plexus-classworlds-2.2.2.jar
7fac35211000-7fac35218000 r--s 0002e000 08:05 7185936                    /home/lb3/.m2/repository/org/codehaus/plexus/plexus-container-default/1.5.5/plexus-container-default-1.5.5.jar
7fac35218000-7fac3521a000 r--s 00002000 08:05 7406552                    /home/lb3/.m2/repository/org/sonatype/aether/aether-spi/1.8/aether-spi-1.8.jar
7fac3521a000-7fac3521b000 r--s 00006000 08:05 7406551                    /home/lb3/.m2/repository/org/sonatype/aether/aether-connector-wagon/1.8/aether-connector-wagon-1.8.jar
7fac3521b000-7fac3521e000 r--s 00019000 08:05 7406550                    /home/lb3/.m2/repository/org/sonatype/aether/aether-util/1.8/aether-util-1.8.jar
7fac3521e000-7fac35221000 r--s 00010000 08:05 7406542                    /home/lb3/.m2/repository/org/sonatype/aether/aether-api/1.8/aether-api-1.8.jar
7fac35221000-7fac35223000 r--s 00002000 08:05 18007461                   /home/lb3/.m2/repository/org/jboss/shrinkwrap/resolver/shrinkwrap-resolver-api-maven/1.0.0-beta-6/shrinkwrap-resolver-api-maven-1.0.0-beta-6.jar
7fac35223000-7fac35224000 r--s 00002000 08:05 18007460                   /home/lb3/.m2/repository/org/jboss/shrinkwrap/resolver/shrinkwrap-resolver-api/1.0.0-beta-6/shrinkwrap-resolver-api-1.0.0-beta-6.jar
7fac35224000-7fac35227000 r--s 0000d000 08:05 9544797                    /home/lb3/.m2/repository/org/jboss/shrinkwrap/shrinkwrap-api/1.0.0-cr-1/shrinkwrap-api-1.0.0-cr-1.jar
7fac35227000-7fac35229000 r--s 00009000 08:05 18007458                   /home/lb3/.m2/repository/org/jboss/shrinkwrap/resolver/shrinkwrap-resolver-impl-maven/1.0.0-beta-6/shrinkwrap-resolver-impl-maven-1.0.0-beta-6.jar
7fac35229000-7fac3522a000 r--s 00001000 08:05 9281755                    /home/lb3/.m2/repository/org/jboss/shrinkwrap/container/shrinkwrap-extension-jetty-70/1.0.0-beta-1/shrinkwrap-extension-jetty-70-1.0.0-beta-1.jar
7fac3522a000-7fac3522b000 r--s 00001000 08:05 9281754                    /home/lb3/.m2/repository/org/jboss/arquillian/testenricher/arquillian-testenricher-initialcontext/1.0.0.CR1/arquillian-testenricher-initialcontext-1.0.0.CR1.jar
7fac3522b000-7fac3522c000 r--s 00003000 08:05 9281753                    /home/lb3/.m2/repository/org/jboss/arquillian/testenricher/arquillian-testenricher-resource/1.0.0.CR1/arquillian-testenricher-resource-1.0.0.CR1.jar
7fac3522c000-7fac3522e000 r--s 00004000 08:05 9281752                    /home/lb3/.m2/repository/org/jboss/arquillian/testenricher/arquillian-testenricher-cdi/1.0.0.CR1/arquillian-testenricher-cdi-1.0.0.CR1.jar
7fac3522e000-7fac35230000 r--s 00007000 08:05 9281751                    /home/lb3/.m2/repository/org/jboss/arquillian/protocol/arquillian-protocol-servlet/1.0.0.CR1/arquillian-protocol-servlet-1.0.0.CR1.jar
7fac35230000-7fac35231000 r--s 00002000 08:05 9184031                    /home/lb3/.m2/repository/org/jboss/arquillian/container/arquillian-jetty-embedded-7/1.0.0.CR1/arquillian-jetty-embedded-7-1.0.0.CR1.jar
7fac35231000-7fac35232000 r--s 00000000 08:05 18007456                   /home/lb3/.m2/repository/org/jboss/shrinkwrap/shrinkwrap-spi/1.0.0/shrinkwrap-spi-1.0.0.jar
7fac35232000-7fac35236000 r--s 00020000 08:05 18007455                   /home/lb3/.m2/repository/org/jboss/shrinkwrap/shrinkwrap-impl-base/1.0.0/shrinkwrap-impl-base-1.0.0.jar
7fac35236000-7fac3523a000 r--s 00013000 08:05 18007452                   /home/lb3/.m2/repository/org/jboss/arquillian/container/arquillian-container-test-impl-base/1.0.0.Final/arquillian-container-test-impl-base-1.0.0.Final.jar
7fac3523a000-7fac3523d000 r--s 00007000 08:05 18007450                   /home/lb3/.m2/repository/org/jboss/shrinkwrap/descriptors/shrinkwrap-descriptors-spi/2.0.0-alpha-2/shrinkwrap-descriptors-spi-2.0.0-alpha-2.jar
7fac3523d000-7fac3523f000 r--s 00008000 08:05 18007448                   /home/lb3/.m2/repository/org/jboss/arquillian/config/arquillian-config-impl-base/1.0.0.Final/arquillian-config-impl-base-1.0.0.Final.jar
7fac3523f000-7fac35240000 r--s 00001000 08:05 18007449                   /home/lb3/.m2/repository/org/jboss/arquillian/config/arquillian-config-api/1.0.0.Final/arquillian-config-api-1.0.0.Final.jar
7fac35240000-7fac35243000 r--s 0000a000 08:05 18007444                   /home/lb3/.m2/repository/org/jboss/arquillian/container/arquillian-container-impl-base/1.0.0.Final/arquillian-container-impl-base-1.0.0.Final.jar
7fac35243000-7fac35244000 r--s 00004000 08:05 18007442                   /home/lb3/.m2/repository/org/jboss/arquillian/test/arquillian-test-impl-base/1.0.0.Final/arquillian-test-impl-base-1.0.0.Final.jar
7fac35244000-7fac35246000 r--s 00009000 08:05 18007440                   /home/lb3/.m2/repository/org/jboss/arquillian/core/arquillian-core-impl-base/1.0.0.Final/arquillian-core-impl-base-1.0.0.Final.jar
7fac35246000-7fac35248000 r--s 00002000 08:05 18007438                   /home/lb3/.m2/repository/org/jboss/shrinkwrap/descriptors/shrinkwrap-descriptors-api-base/2.0.0-alpha-2/shrinkwrap-descriptors-api-base-2.0.0-alpha-2.jar
7fac35248000-7fac3524b000 r--s 0000a000 08:05 18007439                   /home/lb3/.m2/repository/org/jboss/arquillian/container/arquillian-container-spi/1.0.0.Final/arquillian-container-spi-1.0.0.Final.jar
7fac3524b000-7fac3524d000 r--s 00004000 08:05 18007435                   /home/lb3/.m2/repository/org/jboss/arquillian/container/arquillian-container-test-spi/1.0.0.Final/arquillian-container-test-spi-1.0.0.Final.jar
7fac3524d000-7fac3524e000 r--s 00001000 08:05 18007432                   /home/lb3/.m2/repository/org/jboss/arquillian/container/arquillian-container-test-api/1.0.0.Final/arquillian-container-test-api-1.0.0.Final.jar
7fac3524e000-7fac35250000 r--s 00004000 08:05 18007429                   /home/lb3/.m2/repository/org/jboss/arquillian/core/arquillian-core-spi/1.0.0.Final/arquillian-core-spi-1.0.0.Final.jar
7fac35250000-7fac35252000 r--s 00007000 08:05 18007427                   /home/lb3/.m2/repository/org/jboss/arquillian/test/arquillian-test-spi/1.0.0.Final/arquillian-test-spi-1.0.0.Final.jar
7fac35252000-7fac35254000 r--s 00001000 08:05 18007426                   /home/lb3/.m2/repository/org/jboss/arquillian/core/arquillian-core-api/1.0.0.Final/arquillian-core-api-1.0.0.Final.jar
7fac35254000-7fac35255000 r--s 00000000 08:05 18007425                   /home/lb3/.m2/repository/org/jboss/arquillian/test/arquillian-test-api/1.0.0.Final/arquillian-test-api-1.0.0.Final.jar
7fac35255000-7fac35256000 r--s 00004000 08:05 18007431                   /home/lb3/.m2/repository/org/jboss/arquillian/junit/arquillian-junit-core/1.0.0.Final/arquillian-junit-core-1.0.0.Final.jar
7fac35256000-7fac35257000 r--s 00001000 08:05 18007423                   /home/lb3/.m2/repository/org/jboss/arquillian/junit/arquillian-junit-container/1.0.0.Final/arquillian-junit-container-1.0.0.Final.jar
7fac35257000-7fac3525a000 r--s 00024000 08:05 9191722                    /home/lb3/.m2/repository/commons-io/commons-io/2.0.1/commons-io-2.0.1.jar
7fac3525a000-7fac3525b000 r--s 00003000 08:05 7194126                    /home/lb3/.m2/repository/org/w3c/css/sac/1.3/sac-1.3.jar
7fac3525b000-7fac3525e000 r--s 0003b000 08:05 7194125                    /home/lb3/.m2/repository/net/sourceforge/cssparser/cssparser/0.9.5/cssparser-0.9.5.jar
7fac3525e000-7fac35261000 r--s 00022000 08:05 18203657                   /home/lb3/.m2/repository/net/sourceforge/nekohtml/nekohtml/1.9.15/nekohtml-1.9.15.jar
7fac35261000-7fac35269000 r--s 00028000 08:05 7143943                    /home/lb3/.m2/repository/xml-apis/xml-apis/1.3.04/xml-apis-1.3.04.jar
7fac35269000-7fac35281000 r--s 00115000 08:05 7194095                    /home/lb3/.m2/repository/xerces/xercesImpl/2.9.1/xercesImpl-2.9.1.jar
7fac35281000-7fac3528f000 r--s 000e1000 08:05 18203656                   /home/lb3/.m2/repository/net/sourceforge/htmlunit/htmlunit-core-js/2.9/htmlunit-core-js-2.9.jar
7fac3528f000-7fac35291000 r--s 00005000 08:05 18203661                   /home/lb3/.m2/repository/org/apache/httpcomponents/httpmime/4.1.2/httpmime-4.1.2.jar
7fac35291000-7fac35296000 r--s 00041000 08:05 8954108                    /home/lb3/.m2/repository/commons-lang/commons-lang/2.6/commons-lang-2.6.jar
7fac35296000-7fac352a4000 r--s 0007f000 08:05 7194976                    /home/lb3/.m2/repository/commons-collections/commons-collections/3.2.1/commons-collections-3.2.1.jar
7fac352a4000-7fac352a7000 r--s 00041000 08:05 7194129                    /home/lb3/.m2/repository/xalan/serializer/2.7.1/serializer-2.7.1.jar
7fac352a7000-7fac352cc000 r--s 002e3000 08:05 7194128                    /home/lb3/.m2/repository/xalan/xalan/2.7.1/xalan-2.7.1.jar
7fac352cc000-7fac352dd000 r--s 000e4000 08:05 18203654                   /home/lb3/.m2/repository/net/sourceforge/htmlunit/htmlunit/2.9/htmlunit-2.9.jar
7fac352dd000-7fac352df000 r--s 0000d000 08:05 21405698                   /home/lb3/.m2/repository/commons-codec/commons-codec/1.4/commons-codec-1.4.jar
7fac352df000-7fac352e1000 r--s 0000d000 08:05 7144450                    /home/lb3/.m2/repository/commons-logging/commons-logging/1.1.1/commons-logging-1.1.1.jar
7fac352e1000-7fac352e6000 r--s 00028000 08:05 17942155                   /home/lb3/.m2/repository/org/apache/httpcomponents/httpcore/4.1.4/httpcore-4.1.4.jar
7fac352e6000-7fac352ef000 r--s 0004e000 08:05 17950626                   /home/lb3/.m2/repository/org/apache/httpcomponents/httpclient/4.1.3/httpclient-4.1.3.jar
7fac352ef000-7fac3530d000 r--s 0014f000 08:05 9241800                    /home/lb3/.m2/repository/org/mockito/mockito-all/1.9.0-rc1/mockito-all-1.9.0-rc1.jar
7fac3530d000-7fac3530e000 r--s 00001000 08:05 18202993                   /home/lb3/.m2/repository/org/ocpsoft/logging/logging-adapter-slf4j/1.0.1.Final/logging-adapter-slf4j-1.0.1.Final.jar
7fac3530e000-7fac35310000 r--s 00003000 08:05 16171977                   /home/lb3/.m2/repository/org/ocpsoft/rewrite/rewrite-test-harness/1.0.6-SNAPSHOT/rewrite-test-harness-1.0.6-SNAPSHOT.jar
7fac35310000-7fac35312000 r--s 00000000 08:05 18129274                   /home/lb3/Projects/ocpsoft/prettyfaces/test-harness/target/prettyfaces-test-harness-4.0.0-SNAPSHOT.jar
7fac35312000-7fac35314000 r--s 00004000 08:05 7243301                    /home/lb3/.m2/repository/javax/servlet/jstl/1.1.2/jstl-1.1.2.jar
7fac35314000-7fac35337000 r--s 00256000 08:05 17933130                   /home/lb3/.m2/repository/org/glassfish/javax.faces/2.1.7/javax.faces-2.1.7.jar
7fac35337000-7fac35339000 r--s 00005000 08:05 18203100                   /home/lb3/.m2/repository/org/ocpsoft/rewrite/rewrite-integration-faces/1.0.6-SNAPSHOT/rewrite-integration-faces-1.0.6-SNAPSHOT.jar
7fac35339000-7fac3533b000 r--s 00001000 08:05 18203103                   /home/lb3/.m2/repository/org/ocpsoft/rewrite/rewrite-config-annotations-api/1.0.6-SNAPSHOT/rewrite-config-annotations-api-1.0.6-SNAPSHOT.jar
7fac3533b000-7fac3533d000 r--s 00003000 08:05 18203054                   /home/lb3/.m2/repository/org/ocpsoft/rewrite/rewrite-api-servlet/1.0.6-SNAPSHOT/rewrite-api-servlet-1.0.6-SNAPSHOT.jar
7fac3533d000-7fac3533f000 r--s 00001000 08:05 18007682                   /home/lb3/.m2/repository/org/ocpsoft/logging/logging-api/1.0.1.Final/logging-api-1.0.1.Final.jar
7fac3533f000-7fac35341000 r--s 00002000 08:05 16171995                   /home/lb3/.m2/repository/org/ocpsoft/common/common-api/1.0.4.Final/common-api-1.0.4.Final.jar
7fac35341000-7fac35345000 r--s 0000c000 08:05 16171980                   /home/lb3/.m2/repository/org/ocpsoft/rewrite/rewrite-api/1.0.6-SNAPSHOT/rewrite-api-1.0.6-SNAPSHOT.jar
7fac35345000-7fac35346000 r--s 00005000 08:05 18203099                   /home/lb3/.m2/repository/org/ocpsoft/rewrite/rewrite-config-annotations-impl/1.0.6-SNAPSHOT/rewrite-config-annotations-impl-1.0.6-SNAPSHOT.jar
7fac35346000-7fac35347000 r--s 00003000 08:05 18203053                   /home/lb3/.m2/repository/org/ocpsoft/rewrite/rewrite-impl-config/1.0.6-SNAPSHOT/rewrite-impl-config-1.0.6-SNAPSHOT.jar
7fac35347000-7fac35349000 r--s 00001000 08:05 18129837                   /home/lb3/.m2/repository/org/ocpsoft/rewrite/rewrite-api-el/1.0.6-SNAPSHOT/rewrite-api-el-1.0.6-SNAPSHOT.jar
7fac35349000-7fac3534d000 r--s 00023000 08:05 18203048                   /home/lb3/.m2/repository/org/ocpsoft/rewrite/rewrite-impl-servlet/1.0.6-SNAPSHOT/rewrite-impl-servlet-1.0.6-SNAPSHOT.jar
7fac3534d000-7fac3534e000 r--s 00000000 08:05 18129291                   /home/lb3/Projects/ocpsoft/prettyfaces/core/target/prettyfaces-core-4.0.0-SNAPSHOT.jar
7fac3534e000-7fac35351000 r--s 00019000 08:05 7185088                    /home/lb3/.m2/repository/org/apache/maven/surefire/surefire-api/2.7.1/surefire-api-2.7.1.jar
7fac35351000-7fac35352000 r--s 00007000 08:05 7185085                    /home/lb3/.m2/repository/org/apache/maven/surefire/surefire-booter/2.7.1/surefire-booter-2.7.1.jar
7fac35352000-7fac35353000 r--s 00003000 08:05 18129377                   /home/lb3/Projects/ocpsoft/prettyfaces/annotations/target/surefire/surefirebooter877461586611812864.jar
7fac35353000-7fac35354000 ---p 00000000 00:00 0 
7fac35354000-7fac35454000 rw-p 00000000 00:00 0 
7fac35454000-7fac35457000 ---p 00000000 00:00 0 
7fac35457000-7fac35555000 rw-p 00000000 00:00 0 
7fac35555000-7fac35558000 ---p 00000000 00:00 0 
7fac35558000-7fac35656000 rw-p 00000000 00:00 0 
7fac35656000-7fac35659000 ---p 00000000 00:00 0 
7fac35659000-7fac35757000 rw-p 00000000 00:00 0 
7fac35757000-7fac3575a000 ---p 00000000 00:00 0 
7fac3575a000-7fac35858000 rw-p 00000000 00:00 0 
7fac35858000-7fac35ddc000 r--p 00000000 08:05 8102011                    /usr/lib/locale/locale-archive
7fac35ddc000-7fac35ddf000 ---p 00000000 00:00 0 
7fac35ddf000-7fac35edd000 rw-p 00000000 00:00 0 
7fac35edd000-7fac35ee0000 ---p 00000000 00:00 0 
7fac35ee0000-7fac35fde000 rw-p 00000000 00:00 0 
7fac35fde000-7fac35fdf000 ---p 00000000 00:00 0 
7fac35fdf000-7fac36654000 rw-p 00000000 00:00 0 
7fac36654000-7fac36813000 r--s 03a09000 08:05 18286675                   /usr/lib/jvm/java-7-oracle/jre/lib/rt.jar
7fac36813000-7fac36814000 ---p 00000000 00:00 0 
7fac36814000-7fac36914000 rw-p 00000000 00:00 0 
7fac36914000-7fac36915000 ---p 00000000 00:00 0 
7fac36915000-7fac36a15000 rw-p 00000000 00:00 0 
7fac36a15000-7fac36a16000 ---p 00000000 00:00 0 
7fac36a16000-7fac36b16000 rw-p 00000000 00:00 0 
7fac36b16000-7fac36b17000 ---p 00000000 00:00 0 
7fac36b17000-7fac36c22000 rw-p 00000000 00:00 0 
7fac36c22000-7fac36c40000 rw-p 00000000 00:00 0 
7fac36c40000-7fac36c60000 rw-p 00000000 00:00 0 
7fac36c60000-7fac36e33000 rw-p 00000000 00:00 0 
7fac36e33000-7fac36e3e000 rw-p 00000000 00:00 0 
7fac36e3e000-7fac36e5c000 rw-p 00000000 00:00 0 
7fac36e5c000-7fac36e7c000 rw-p 00000000 00:00 0 
7fac36e7c000-7fac3704e000 rw-p 00000000 00:00 0 
7fac3704e000-7fac3706a000 rw-p 00000000 00:00 0 
7fac3706a000-7fac37148000 rw-p 00000000 00:00 0 
7fac37148000-7fac37149000 rw-p 00000000 00:00 0 
7fac37149000-7fac373b9000 rwxp 00000000 00:00 0 
7fac373b9000-7fac3a149000 rw-p 00000000 00:00 0 
7fac3a149000-7fac3a163000 r-xp 00000000 08:05 18286604                   /usr/lib/jvm/java-7-oracle/jre/lib/amd64/libzip.so
7fac3a163000-7fac3a363000 ---p 0001a000 08:05 18286604                   /usr/lib/jvm/java-7-oracle/jre/lib/amd64/libzip.so
7fac3a363000-7fac3a364000 rw-p 0001a000 08:05 18286604                   /usr/lib/jvm/java-7-oracle/jre/lib/amd64/libzip.so
7fac3a364000-7fac3a370000 r-xp 00000000 08:05 918976                     /lib/x86_64-linux-gnu/libnss_files-2.13.so
7fac3a370000-7fac3a56f000 ---p 0000c000 08:05 918976                     /lib/x86_64-linux-gnu/libnss_files-2.13.so
7fac3a56f000-7fac3a570000 r--p 0000b000 08:05 918976                     /lib/x86_64-linux-gnu/libnss_files-2.13.so
7fac3a570000-7fac3a571000 rw-p 0000c000 08:05 918976                     /lib/x86_64-linux-gnu/libnss_files-2.13.so
7fac3a571000-7fac3a57b000 r-xp 00000000 08:05 918988                     /lib/x86_64-linux-gnu/libnss_nis-2.13.so
7fac3a57b000-7fac3a77b000 ---p 0000a000 08:05 918988                     /lib/x86_64-linux-gnu/libnss_nis-2.13.so
7fac3a77b000-7fac3a77c000 r--p 0000a000 08:05 918988                     /lib/x86_64-linux-gnu/libnss_nis-2.13.so
7fac3a77c000-7fac3a77d000 rw-p 0000b000 08:05 918988                     /lib/x86_64-linux-gnu/libnss_nis-2.13.so
7fac3a77d000-7fac3a794000 r-xp 00000000 08:05 918971                     /lib/x86_64-linux-gnu/libnsl-2.13.so
7fac3a794000-7fac3a993000 ---p 00017000 08:05 918971                     /lib/x86_64-linux-gnu/libnsl-2.13.so
7fac3a993000-7fac3a994000 r--p 00016000 08:05 918971                     /lib/x86_64-linux-gnu/libnsl-2.13.so
7fac3a994000-7fac3a995000 rw-p 00017000 08:05 918971                     /lib/x86_64-linux-gnu/libnsl-2.13.so
7fac3a995000-7fac3a997000 rw-p 00000000 00:00 0 
7fac3a997000-7fac3a99f000 r-xp 00000000 08:05 918972                     /lib/x86_64-linux-gnu/libnss_compat-2.13.so
7fac3a99f000-7fac3ab9e000 ---p 00008000 08:05 918972                     /lib/x86_64-linux-gnu/libnss_compat-2.13.so
7fac3ab9e000-7fac3ab9f000 r--p 00007000 08:05 918972                     /lib/x86_64-linux-gnu/libnss_compat-2.13.so
7fac3ab9f000-7fac3aba0000 rw-p 00008000 08:05 918972                     /lib/x86_64-linux-gnu/libnss_compat-2.13.so
7fac3aba0000-7fac3abc9000 r-xp 00000000 08:05 18286627                   /usr/lib/jvm/java-7-oracle/jre/lib/amd64/libjava.so
7fac3abc9000-7fac3adc9000 ---p 00029000 08:05 18286627                   /usr/lib/jvm/java-7-oracle/jre/lib/amd64/libjava.so
7fac3adc9000-7fac3adcb000 rw-p 00029000 08:05 18286627                   /usr/lib/jvm/java-7-oracle/jre/lib/amd64/libjava.so
7fac3adcb000-7fac3adda000 r-xp 00000000 08:05 18286630                   /usr/lib/jvm/java-7-oracle/jre/lib/amd64/libverify.so
7fac3adda000-7fac3afd9000 ---p 0000f000 08:05 18286630                   /usr/lib/jvm/java-7-oracle/jre/lib/amd64/libverify.so
7fac3afd9000-7fac3afdb000 rw-p 0000e000 08:05 18286630                   /usr/lib/jvm/java-7-oracle/jre/lib/amd64/libverify.so
7fac3afdb000-7fac3afe2000 r-xp 00000000 08:05 918994                     /lib/x86_64-linux-gnu/librt-2.13.so
7fac3afe2000-7fac3b1e1000 ---p 00007000 08:05 918994                     /lib/x86_64-linux-gnu/librt-2.13.so
7fac3b1e1000-7fac3b1e2000 r--p 00006000 08:05 918994                     /lib/x86_64-linux-gnu/librt-2.13.so
7fac3b1e2000-7fac3b1e3000 rw-p 00007000 08:05 918994                     /lib/x86_64-linux-gnu/librt-2.13.so
7fac3b1e3000-7fac3b266000 r-xp 00000000 08:05 918969                     /lib/x86_64-linux-gnu/libm-2.13.so
7fac3b266000-7fac3b465000 ---p 00083000 08:05 918969                     /lib/x86_64-linux-gnu/libm-2.13.so
7fac3b465000-7fac3b466000 r--p 00082000 08:05 918969                     /lib/x86_64-linux-gnu/libm-2.13.so
7fac3b466000-7fac3b467000 rw-p 00083000 08:05 918969                     /lib/x86_64-linux-gnu/libm-2.13.so
7fac3b467000-7fac3be47000 r-xp 00000000 08:05 18286601                   /usr/lib/jvm/java-7-oracle/jre/lib/amd64/server/libjvm.so
7fac3be47000-7fac3c047000 ---p 009e0000 08:05 18286601                   /usr/lib/jvm/java-7-oracle/jre/lib/amd64/server/libjvm.so
7fac3c047000-7fac3c0e4000 rw-p 009e0000 08:05 18286601                   /usr/lib/jvm/java-7-oracle/jre/lib/amd64/server/libjvm.so
7fac3c0e4000-7fac3c11d000 rw-p 00000000 00:00 0 
7fac3c11d000-7fac3c2b4000 r-xp 00000000 08:05 918965                     /lib/x86_64-linux-gnu/libc-2.13.so
7fac3c2b4000-7fac3c4b3000 ---p 00197000 08:05 918965                     /lib/x86_64-linux-gnu/libc-2.13.so
7fac3c4b3000-7fac3c4b7000 r--p 00196000 08:05 918965                     /lib/x86_64-linux-gnu/libc-2.13.so
7fac3c4b7000-7fac3c4b8000 rw-p 0019a000 08:05 918965                     /lib/x86_64-linux-gnu/libc-2.13.so
7fac3c4b8000-7fac3c4be000 rw-p 00000000 00:00 0 
7fac3c4be000-7fac3c4c0000 r-xp 00000000 08:05 918968                     /lib/x86_64-linux-gnu/libdl-2.13.so
7fac3c4c0000-7fac3c6c0000 ---p 00002000 08:05 918968                     /lib/x86_64-linux-gnu/libdl-2.13.so
7fac3c6c0000-7fac3c6c1000 r--p 00002000 08:05 918968                     /lib/x86_64-linux-gnu/libdl-2.13.so
7fac3c6c1000-7fac3c6c2000 rw-p 00003000 08:05 918968                     /lib/x86_64-linux-gnu/libdl-2.13.so
7fac3c6c2000-7fac3c6d8000 r-xp 00000000 08:05 18286623                   /usr/lib/jvm/java-7-oracle/jre/lib/amd64/jli/libjli.so
7fac3c6d8000-7fac3c8d7000 ---p 00016000 08:05 18286623                   /usr/lib/jvm/java-7-oracle/jre/lib/amd64/jli/libjli.so
7fac3c8d7000-7fac3c8d8000 rw-p 00015000 08:05 18286623                   /usr/lib/jvm/java-7-oracle/jre/lib/amd64/jli/libjli.so
7fac3c8d8000-7fac3c8f0000 r-xp 00000000 08:05 918992                     /lib/x86_64-linux-gnu/libpthread-2.13.so
7fac3c8f0000-7fac3caef000 ---p 00018000 08:05 918992                     /lib/x86_64-linux-gnu/libpthread-2.13.so
7fac3caef000-7fac3caf0000 r--p 00017000 08:05 918992                     /lib/x86_64-linux-gnu/libpthread-2.13.so
7fac3caf0000-7fac3caf1000 rw-p 00018000 08:05 918992                     /lib/x86_64-linux-gnu/libpthread-2.13.so
7fac3caf1000-7fac3caf5000 rw-p 00000000 00:00 0 
7fac3caf5000-7fac3cb16000 r-xp 00000000 08:05 917609                     /lib/x86_64-linux-gnu/ld-2.13.so
7fac3cb2d000-7fac3cb37000 rw-p 00000000 00:00 0 
7fac3cb37000-7fac3cbed000 rw-p 00000000 00:00 0 
7fac3cbed000-7fac3cbf0000 ---p 00000000 00:00 0 
7fac3cbf0000-7fac3ccf2000 rw-p 00000000 00:00 0 
7fac3cd01000-7fac3cd02000 r--p 00000000 00:00 0 
7fac3cd02000-7fac3cd05000 r--s 000f7000 08:05 18286660                   /usr/lib/jvm/java-7-oracle/jre/lib/ext/localedata.jar
7fac3cd05000-7fac3cd09000 r--s 00088000 08:05 4571156                    /usr/lib/jvm/java-7-oracle/jre/lib/jsse.jar
7fac3cd09000-7fac3cd11000 rw-s 00000000 00:11 389347                     /tmp/hsperfdata_lb3/32027
7fac3cd11000-7fac3cd12000 rw-p 00000000 00:00 0 
7fac3cd12000-7fac3cd13000 r--p 00000000 00:00 0 
7fac3cd13000-7fac3cd15000 rw-p 00000000 00:00 0 
7fac3cd15000-7fac3cd16000 r--p 00020000 08:05 917609                     /lib/x86_64-linux-gnu/ld-2.13.so
7fac3cd16000-7fac3cd18000 rw-p 00021000 08:05 917609                     /lib/x86_64-linux-gnu/ld-2.13.so
7fffffa1f000-7fffffa40000 rw-p 00000000 00:00 0                          [stack]
7fffffa95000-7fffffa96000 r-xp 00000000 00:00 0                          [vdso]
ffffffffff600000-ffffffffff601000 r-xp 00000000 00:00 0                  [vsyscall]

VM Arguments:
java_command: /home/lb3/Projects/ocpsoft/prettyfaces/annotations/target/surefire/surefirebooter877461586611812864.jar /home/lb3/Projects/ocpsoft/prettyfaces/annotations/target/surefire/surefire5801394344824727401tmp /home/lb3/Projects/ocpsoft/prettyfaces/annotations/target/surefire/surefire7032500035948082900tmp
Launcher Type: SUN_STANDARD

Environment Variables:
JAVA_HOME=/usr/lib/jvm/java-7-oracle
PATH=/home/lb3/bin:/usr/lib/jvm/java-7-oracle/bin:/home/lb3/Development/forge/bin:/home/lb3/Development/apache-maven-3.0.2/bin:/var/lib/gems/1.8/bin:/home/lb3/bin:/usr/lib/jvm/java-7-oracle/bin:/home/lb3/Development/forge/bin:/home/lb3/Development/apache-maven-3.0.2/bin:/var/lib/gems/1.8/bin:/home/lb3/bin:/usr/lib/jvm/java-7-oracle/bin:/home/lb3/Development/forge/bin:/home/lb3/Development/apache-maven-3.0.2/bin:/var/lib/gems/1.8/bin:/usr/lib/lightdm/lightdm:/usr/local/sbin:/usr/local/bin:/usr/sbin:/usr/bin:/sbin:/bin:/usr/games
USERNAME=lb3
SHELL=/bin/bash
DISPLAY=:0.0

Signal Handlers:
SIGSEGV: [libjvm.so+0x856f20], sa_mask[0]=0x7ffbfeff, sa_flags=0x10000004
SIGBUS: [libjvm.so+0x856f20], sa_mask[0]=0x7ffbfeff, sa_flags=0x10000004
SIGFPE: [libjvm.so+0x6fd190], sa_mask[0]=0x7ffbfeff, sa_flags=0x10000004
SIGPIPE: [libjvm.so+0x6fd190], sa_mask[0]=0x7ffbfeff, sa_flags=0x10000004
SIGXFSZ: [libjvm.so+0x6fd190], sa_mask[0]=0x7ffbfeff, sa_flags=0x10000004
SIGILL: [libjvm.so+0x6fd190], sa_mask[0]=0x7ffbfeff, sa_flags=0x10000004
SIGUSR1: SIG_DFL, sa_mask[0]=0x00000000, sa_flags=0x00000000
SIGUSR2: [libjvm.so+0x6fcb00], sa_mask[0]=0x00000004, sa_flags=0x10000004
SIGHUP: [libjvm.so+0x6fee70], sa_mask[0]=0x7ffbfeff, sa_flags=0x10000004
SIGINT: [libjvm.so+0x6fee70], sa_mask[0]=0x7ffbfeff, sa_flags=0x10000004
SIGTERM: [libjvm.so+0x6fee70], sa_mask[0]=0x7ffbfeff, sa_flags=0x10000004
SIGQUIT: [libjvm.so+0x6fee70], sa_mask[0]=0x7ffbfeff, sa_flags=0x10000004


---------------  S Y S T E M  ---------------

OS:wheezy/sid

uname:Linux 3.0.0-17-generic #30-Ubuntu SMP Thu Mar 8 20:45:39 UTC 2012 x86_64
libc:glibc 2.13 NPTL 2.13 
rlimit: STACK 8192k, CORE infinity, NPROC 47705, NOFILE 4096, AS infinity
load average:0.42 0.26 0.24

/proc/meminfo:
MemTotal:        6124076 kB
MemFree:          685408 kB
Buffers:           23316 kB
Cached:           480412 kB
SwapCached:        53972 kB
Active:          3661088 kB
Inactive:        1152824 kB
Active(anon):    3424376 kB
Inactive(anon):   907360 kB
Active(file):     236712 kB
Inactive(file):   245464 kB
Unevictable:          64 kB
Mlocked:              64 kB
SwapTotal:       7812092 kB
SwapFree:        7581124 kB
Dirty:               764 kB
Writeback:             0 kB
AnonPages:       4263332 kB
Mapped:           151808 kB
Shmem:             21540 kB
Slab:             401200 kB
SReclaimable:     357596 kB
SUnreclaim:        43604 kB
KernelStack:        5400 kB
PageTables:        47228 kB
NFS_Unstable:          0 kB
Bounce:                0 kB
WritebackTmp:          0 kB
CommitLimit:    10874128 kB
Committed_AS:    7990188 kB
VmallocTotal:   34359738367 kB
VmallocUsed:      177524 kB
VmallocChunk:   34359552508 kB
HardwareCorrupted:     0 kB
AnonHugePages:         0 kB
HugePages_Total:       0
HugePages_Free:        0
HugePages_Rsvd:        0
HugePages_Surp:        0
Hugepagesize:       2048 kB
DirectMap4k:      639872 kB
DirectMap2M:     5650432 kB


CPU:total 4 (4 cores per cpu, 1 threads per core) family 6 model 15 stepping 11, cmov, cx8, fxsr, mmx, sse, sse2, sse3, ssse3

/proc/cpuinfo:
processor	: 0
vendor_id	: GenuineIntel
cpu family	: 6
model		: 15
model name	: Intel(R) Core(TM)2 Quad CPU    Q6600  @ 2.40GHz
stepping	: 11
cpu MHz		: 1600.000
cache size	: 4096 KB
physical id	: 0
siblings	: 4
core id		: 0
cpu cores	: 4
apicid		: 0
initial apicid	: 0
fpu		: yes
fpu_exception	: yes
cpuid level	: 10
wp		: yes
flags		: fpu vme de pse tsc msr pae mce cx8 apic sep mtrr pge mca cmov pat pse36 clflush dts acpi mmx fxsr sse sse2 ss ht tm pbe syscall nx lm constant_tsc arch_perfmon pebs bts rep_good nopl aperfmperf pni dtes64 monitor ds_cpl vmx est tm2 ssse3 cx16 xtpr pdcm lahf_lm dts tpr_shadow vnmi flexpriority
bogomips	: 4799.51
clflush size	: 64
cache_alignment	: 64
address sizes	: 36 bits physical, 48 bits virtual
power management:

processor	: 1
vendor_id	: GenuineIntel
cpu family	: 6
model		: 15
model name	: Intel(R) Core(TM)2 Quad CPU    Q6600  @ 2.40GHz
stepping	: 11
cpu MHz		: 1600.000
cache size	: 4096 KB
physical id	: 0
siblings	: 4
core id		: 1
cpu cores	: 4
apicid		: 1
initial apicid	: 1
fpu		: yes
fpu_exception	: yes
cpuid level	: 10
wp		: yes
flags		: fpu vme de pse tsc msr pae mce cx8 apic sep mtrr pge mca cmov pat pse36 clflush dts acpi mmx fxsr sse sse2 ss ht tm pbe syscall nx lm constant_tsc arch_perfmon pebs bts rep_good nopl aperfmperf pni dtes64 monitor ds_cpl vmx est tm2 ssse3 cx16 xtpr pdcm lahf_lm dts tpr_shadow vnmi flexpriority
bogomips	: 4800.17
clflush size	: 64
cache_alignment	: 64
address sizes	: 36 bits physical, 48 bits virtual
power management:

processor	: 2
vendor_id	: GenuineIntel
cpu family	: 6
model		: 15
model name	: Intel(R) Core(TM)2 Quad CPU    Q6600  @ 2.40GHz
stepping	: 11
cpu MHz		: 2400.000
cache size	: 4096 KB
physical id	: 0
siblings	: 4
core id		: 3
cpu cores	: 4
apicid		: 3
initial apicid	: 3
fpu		: yes
fpu_exception	: yes
cpuid level	: 10
wp		: yes
flags		: fpu vme de pse tsc msr pae mce cx8 apic sep mtrr pge mca cmov pat pse36 clflush dts acpi mmx fxsr sse sse2 ss ht tm pbe syscall nx lm constant_tsc arch_perfmon pebs bts rep_good nopl aperfmperf pni dtes64 monitor ds_cpl vmx est tm2 ssse3 cx16 xtpr pdcm lahf_lm dts tpr_shadow vnmi flexpriority
bogomips	: 4800.18
clflush size	: 64
cache_alignment	: 64
address sizes	: 36 bits physical, 48 bits virtual
power management:

processor	: 3
vendor_id	: GenuineIntel
cpu family	: 6
model		: 15
model name	: Intel(R) Core(TM)2 Quad CPU    Q6600  @ 2.40GHz
stepping	: 11
cpu MHz		: 1600.000
cache size	: 4096 KB
physical id	: 0
siblings	: 4
core id		: 2
cpu cores	: 4
apicid		: 2
initial apicid	: 2
fpu		: yes
fpu_exception	: yes
cpuid level	: 10
wp		: yes
flags		: fpu vme de pse tsc msr pae mce cx8 apic sep mtrr pge mca cmov pat pse36 clflush dts acpi mmx fxsr sse sse2 ss ht tm pbe syscall nx lm constant_tsc arch_perfmon pebs bts rep_good nopl aperfmperf pni dtes64 monitor ds_cpl vmx est tm2 ssse3 cx16 xtpr pdcm lahf_lm dts tpr_shadow vnmi flexpriority
bogomips	: 4800.17
clflush size	: 64
cache_alignment	: 64
address sizes	: 36 bits physical, 48 bits virtual
power management:



Memory: 4k page, physical 6124076k(685408k free), swap 7812092k(7581124k free)

vm_info: Java HotSpot(TM) 64-Bit Server VM (22.1-b02) for linux-amd64 JRE (1.7.0_03-b04), built on Jan 20 2012 11:58:56 by "java_re" with gcc 4.3.0 20080428 (Red Hat 4.3.0-8)

time: Mon Apr 23 17:53:12 2012
elapsed time: 2 seconds

