#
# A fatal error has been detected by the Java Runtime Environment:
#
#  SIGBUS (0x7) at pc=0x00007f0daba4f043, pid=24976, tid=139696702150400
#
# JRE version: 7.0_03-b04
# Java VM: Java HotSpot(TM) 64-Bit Server VM (22.1-b02 mixed mode linux-amd64 compressed oops)
# Problematic frame:
# C  [libc.so.6+0x132043]  __nss_hosts_lookup+0x11e03
#
# Failed to write core dump. Core dumps have been disabled. To enable core dumping, try "ulimit -c unlimited" before starting Java again
#
# If you would like to submit a bug report, please visit:
#   http://bugreport.sun.com/bugreport/crash.jsp
# The crash happened outside the Java Virtual Machine in native code.
# See problematic frame for where to report the bug.
#

---------------  T H R E A D  ---------------

Current thread (0x00000000024b3800):  JavaThread "main" [_thread_in_native, id=24977, stack(0x00007f0dac3ed000,0x00007f0dac4ee000)]

siginfo:si_signo=SIGBUS: si_errno=0, si_code=2 (BUS_ADRERR), si_addr=0x00007f0da4b4cff0

Registers:
RAX=0x00007f0d9862cf50, RBX=0x0000000000008886, RCX=0x0000000000004000, RDX=0x0000000000004000
RSP=0x00007f0dac4e7b48, RBP=0x00007f0dac4e7ba0, RSI=0x00007f0da4b4d02b, RDI=0x00007f0d98630fd0
R8 =0x00007f0d986357c6, R9 =0x00007f0daba4f030, R10=0x00007f0da695ab84, R11=0x00007f0daba82cf0
R12=0x00007f0da4b48f75, R13=0x00007f0d98604de0, R14=0x0000000000000008, R15=0x00007f0da00dbfc0
RIP=0x00007f0daba4f043, EFLAGS=0x0000000000010206, CSGSFS=0x0000000000000033, ERR=0x0000000000000004
  TRAPNO=0x000000000000000e

Top of Stack: (sp=0x00007f0dac4e7b48)
0x00007f0dac4e7b48:   00007f0da994dc4e 00000000024b3800
0x00007f0dac4e7b58:   8886080000000001 0000000000000000
0x00007f0dac4e7b68:   000000002c160000 00007f0d98604de0
0x00007f0dac4e7b78:   0000000000000000 00007f0da00dbfc0
0x00007f0dac4e7b88:   000000009d818480 00007f0dac4e7c60
0x00007f0dac4e7b98:   00000000024b3800 00007f0dac4e7bc0
0x00007f0dac4e7ba8:   00007f0da994e057 000000009d818480
0x00007f0dac4e7bb8:   0000000000000000 00007f0dac4e7c30
0x00007f0dac4e7bc8:   00007f0da695abb1 00007f0dac4e7d30
0x00007f0dac4e7bd8:   00007f0dac4e7c40 00000000024b3800
0x00007f0dac4e7be8:   0000000000000000 00007f0dac4e7bf0
0x00007f0dac4e7bf8:   0000000000000000 00007f0dac4e7c60
0x00007f0dac4e7c08:   000000009d81abd0 0000000000000000
0x00007f0dac4e7c18:   000000009d818480 0000000000000000
0x00007f0dac4e7c28:   00007f0dac4e7c50 00007f0dac4e7ca8
0x00007f0dac4e7c38:   00007f0da694f0b5 00000000e3d101c0
0x00007f0dac4e7c48:   00007f0da6957c17 0000000000000000
0x00007f0dac4e7c58:   00007f0da00dbfc0 00007f0dac4e7cf0
0x00007f0dac4e7c68:   00007f0dac4e7c68 000000009d819b22
0x00007f0dac4e7c78:   00007f0dac4e7cc8 000000009d81abd0
0x00007f0dac4e7c88:   0000000000000000 000000009d819b30
0x00007f0dac4e7c98:   00007f0dac4e7c50 00007f0dac4e7cb8
0x00007f0dac4e7ca8:   00007f0dac4e7d20 00007f0da694f0b5
0x00007f0dac4e7cb8:   0000000000000000 00007f0da00dbfc0
0x00007f0dac4e7cc8:   00000000e3ec48c0 0000000000000019
0x00007f0dac4e7cd8:   00000000e3ec48c0 00007f0dac4e7cd0
0x00007f0dac4e7ce8:   000000009d946286 00007f0dac4e7d58
0x00007f0dac4e7cf8:   000000009d946758 0000000000000000
0x00007f0dac4e7d08:   000000009d946340 00007f0dac4e7cb8
0x00007f0dac4e7d18:   00007f0dac4e7d58 00007f0dac4e7da0
0x00007f0dac4e7d28:   00007f0da694f173 0000000000000000
0x00007f0dac4e7d38:   0000000000000000 0000000000000000 

Instructions: (pc=0x00007f0daba4f043)
0x00007f0daba4f023:   f9 ff ff ff 48 8d 52 c0 41 ff e1 0f 0b 0f 18 86
0x00007f0daba4f033:   40 fe ff ff 0f 28 56 e5 48 83 ea 40 0f 28 5e d5
0x00007f0daba4f043:   0f 28 66 c5 0f 28 6e b5 48 8d 76 c0 66 0f 3a 0f
0x00007f0daba4f053:   ca 0b 66 0f 3a 0f d3 0b 66 0f 3a 0f dc 0b 66 0f 

Register to memory mapping:

RAX=0x00007f0d9862cf50 is an unknown value
RBX=0x0000000000008886 is an unknown value
RCX=0x0000000000004000 is an unknown value
RDX=0x0000000000004000 is an unknown value
RSP=0x00007f0dac4e7b48 is pointing into the stack for thread: 0x00000000024b3800
RBP=0x00007f0dac4e7ba0 is pointing into the stack for thread: 0x00000000024b3800
RSI=0x00007f0da4b4d02b is an unknown value
RDI=0x00007f0d98630fd0 is an unknown value
R8 =0x00007f0d986357c6 is an unknown value
R9 =0x00007f0daba4f030: <offset 0x132030> in /lib/x86_64-linux-gnu/libc.so.6 at 0x00007f0dab91d000
R10=0x00007f0da695ab84 is an Interpreter codelet
method entry point (kind = native)  [0x00007f0da695a920, 0x00007f0da695b160]  2112 bytes
R11=0x00007f0daba82cf0: <offset 0x165cf0> in /lib/x86_64-linux-gnu/libc.so.6 at 0x00007f0dab91d000
R12=0x00007f0da4b48f75 is an unknown value
R13=0x00007f0d98604de0 is an unknown value
R14=0x0000000000000008 is an unknown value
R15=0x00007f0da00dbfc0 is an unknown value


Stack: [0x00007f0dac3ed000,0x00007f0dac4ee000],  sp=0x00007f0dac4e7b48,  free space=1002k
Native frames: (J=compiled Java code, j=interpreted, Vv=VM code, C=native code)
C  [libc.so.6+0x132043]  __nss_hosts_lookup+0x11e03
C  [libzip.so+0x5057]  ZIP_GetNextEntry+0x57
j  java.util.zip.ZipFile.getNextEntry(JI)J+0
j  java.util.zip.ZipFile.access$500(JI)J+2
j  java.util.zip.ZipFile$1.nextElement()Ljava/util/zip/ZipEntry;+54
j  java.util.zip.ZipFile$1.nextElement()Ljava/lang/Object;+1
j  java.util.jar.JarFile$1.nextElement()Ljava/util/jar/JarFile$JarFileEntry;+4
j  java.util.jar.JarFile$1.nextElement()Ljava/lang/Object;+1
j  sun.misc.URLClassPath$JarLoader.validIndex(Ljava/lang/String;)Z+42

Java frames: (J=compiled Java code, j=interpreted, Vv=VM code)
j  java.util.zip.ZipFile.getNextEntry(JI)J+0
j  java.util.zip.ZipFile.access$500(JI)J+2
j  java.util.zip.ZipFile$1.nextElement()Ljava/util/zip/ZipEntry;+54
j  java.util.zip.ZipFile$1.nextElement()Ljava/lang/Object;+1
j  java.util.jar.JarFile$1.nextElement()Ljava/util/jar/JarFile$JarFileEntry;+4
j  java.util.jar.JarFile$1.nextElement()Ljava/lang/Object;+1
j  sun.misc.URLClassPath$JarLoader.validIndex(Ljava/lang/String;)Z+42
J  sun.misc.URLClassPath$JarLoader.getResource(Ljava/lang/String;ZLjava/util/Set;)Lsun/misc/Resource;
j  sun.misc.URLClassPath$JarLoader.getResource(Ljava/lang/String;Z)Lsun/misc/Resource;+87
j  sun.misc.URLClassPath$JarLoader.findResource(Ljava/lang/String;Z)Ljava/net/URL;+3
j  sun.misc.URLClassPath.findResource(Ljava/lang/String;Z)Ljava/net/URL;+17
j  java.net.URLClassLoader$2.run()Ljava/net/URL;+12
j  java.net.URLClassLoader$2.run()Ljava/lang/Object;+1
v  ~StubRoutines::call_stub
j  java.security.AccessController.doPrivileged(Ljava/security/PrivilegedAction;Ljava/security/AccessControlContext;)Ljava/lang/Object;+0
j  java.net.URLClassLoader.findResource(Ljava/lang/String;)Ljava/net/URL;+13
j  java.lang.ClassLoader.getResource(Ljava/lang/String;)Ljava/net/URL;+30
j  java.net.URLClassLoader.getResourceAsStream(Ljava/lang/String;)Ljava/io/InputStream;+2
j  org.jboss.shrinkwrap.impl.base.ServiceExtensionLoader.findExtensionImpl(Ljava/lang/Class;)Ljava/io/InputStream;+52
j  org.jboss.shrinkwrap.impl.base.ServiceExtensionLoader.loadExtensionMapping(Ljava/lang/Class;)Lorg/jboss/shrinkwrap/impl/base/ExtensionWrapper;+2
j  org.jboss.shrinkwrap.impl.base.ServiceExtensionLoader.createFromLoadExtension(Ljava/lang/Class;Lorg/jboss/shrinkwrap/api/Archive;)Lorg/jboss/shrinkwrap/api/Assignable;+2
j  org.jboss.shrinkwrap.impl.base.ServiceExtensionLoader.load(Ljava/lang/Class;Lorg/jboss/shrinkwrap/api/Archive;)Lorg/jboss/shrinkwrap/api/Assignable;+18
j  org.jboss.shrinkwrap.impl.base.ArchiveBase.as(Ljava/lang/Class;)Lorg/jboss/shrinkwrap/api/Assignable;+15
j  org.jboss.shrinkwrap.api.ArchiveFactory.create(Ljava/lang/Class;Ljava/lang/String;)Lorg/jboss/shrinkwrap/api/Assignable;+104
j  org.jboss.shrinkwrap.api.ShrinkWrap.create(Ljava/lang/Class;Ljava/lang/String;)Lorg/jboss/shrinkwrap/api/Assignable;+43
j  org.jboss.shrinkwrap.resolver.impl.maven.MavenBuilderImpl.resolveAs(Ljava/lang/Class;Lorg/jboss/shrinkwrap/resolver/api/maven/MavenResolutionFilter;)Ljava/util/Collection;+78
j  org.jboss.shrinkwrap.resolver.impl.maven.MavenBuilderImpl.resolveAs(Ljava/lang/Class;)Ljava/util/Collection;+5
j  org.ocpsoft.rewrite.test.RewriteTestBase.resolveDependency(Ljava/lang/String;)Lorg/jboss/shrinkwrap/api/GenericArchive;+39
j  org.ocpsoft.prettyfaces.test.PrettyFacesTest.getBaseDeployment()Lorg/jboss/shrinkwrap/api/spec/WebArchive;+2
j  org.ocpsoft.prettyfaces.annotation.basic.queryparam.QueryParameterValidationTest.getDeployment()Lorg/jboss/shrinkwrap/api/spec/WebArchive;+0
v  ~StubRoutines::call_stub
j  sun.reflect.NativeMethodAccessorImpl.invoke0(Ljava/lang/reflect/Method;Ljava/lang/Object;[Ljava/lang/Object;)Ljava/lang/Object;+0
j  sun.reflect.NativeMethodAccessorImpl.invoke(Ljava/lang/Object;[Ljava/lang/Object;)Ljava/lang/Object;+87
j  sun.reflect.DelegatingMethodAccessorImpl.invoke(Ljava/lang/Object;[Ljava/lang/Object;)Ljava/lang/Object;+6
j  java.lang.reflect.Method.invoke(Ljava/lang/Object;[Ljava/lang/Object;)Ljava/lang/Object;+57
j  org.jboss.arquillian.container.test.impl.client.deployment.AnnotationDeploymentScenarioGenerator.invoke(Ljava/lang/Class;Ljava/lang/reflect/Method;)Ljava/lang/Object;+7
j  org.jboss.arquillian.container.test.impl.client.deployment.AnnotationDeploymentScenarioGenerator.generateDeployment(Ljava/lang/reflect/Method;)Lorg/jboss/arquillian/container/spi/client/deployment/DeploymentDescription;+56
j  org.jboss.arquillian.container.test.impl.client.deployment.AnnotationDeploymentScenarioGenerator.generate(Lorg/jboss/arquillian/test/spi/TestClass;)Ljava/util/List;+51
j  org.jboss.arquillian.container.test.impl.client.deployment.DeploymentGenerator.generateDeployment(Lorg/jboss/arquillian/container/test/impl/client/deployment/event/GenerateDeployment;)V+40
v  ~StubRoutines::call_stub
j  sun.reflect.NativeMethodAccessorImpl.invoke0(Ljava/lang/reflect/Method;Ljava/lang/Object;[Ljava/lang/Object;)Ljava/lang/Object;+0
j  sun.reflect.NativeMethodAccessorImpl.invoke(Ljava/lang/Object;[Ljava/lang/Object;)Ljava/lang/Object;+87
j  sun.reflect.DelegatingMethodAccessorImpl.invoke(Ljava/lang/Object;[Ljava/lang/Object;)Ljava/lang/Object;+6
j  java.lang.reflect.Method.invoke(Ljava/lang/Object;[Ljava/lang/Object;)Ljava/lang/Object;+57
j  org.jboss.arquillian.core.impl.ObserverImpl.invoke(Lorg/jboss/arquillian/core/spi/Manager;Ljava/lang/Object;)Z+26
j  org.jboss.arquillian.core.impl.EventContextImpl.invokeObservers()V+47
j  org.jboss.arquillian.core.impl.EventContextImpl.proceed()V+17
j  org.jboss.arquillian.core.impl.ManagerImpl.fire(Ljava/lang/Object;Lorg/jboss/arquillian/core/spi/NonManagedObserver;)V+59
j  org.jboss.arquillian.core.impl.ManagerImpl.fire(Ljava/lang/Object;)V+3
j  org.jboss.arquillian.core.impl.EventImpl.fire(Ljava/lang/Object;)V+5
j  org.jboss.arquillian.container.test.impl.client.ContainerEventController.execute(Lorg/jboss/arquillian/test/spi/event/suite/BeforeClass;)V+31
v  ~StubRoutines::call_stub
j  sun.reflect.NativeMethodAccessorImpl.invoke0(Ljava/lang/reflect/Method;Ljava/lang/Object;[Ljava/lang/Object;)Ljava/lang/Object;+0
j  sun.reflect.NativeMethodAccessorImpl.invoke(Ljava/lang/Object;[Ljava/lang/Object;)Ljava/lang/Object;+87
j  sun.reflect.DelegatingMethodAccessorImpl.invoke(Ljava/lang/Object;[Ljava/lang/Object;)Ljava/lang/Object;+6
j  java.lang.reflect.Method.invoke(Ljava/lang/Object;[Ljava/lang/Object;)Ljava/lang/Object;+57
j  org.jboss.arquillian.core.impl.ObserverImpl.invoke(Lorg/jboss/arquillian/core/spi/Manager;Ljava/lang/Object;)Z+26
j  org.jboss.arquillian.core.impl.EventContextImpl.invokeObservers()V+47
j  org.jboss.arquillian.core.impl.EventContextImpl.proceed()V+17
j  org.jboss.arquillian.test.impl.TestContextHandler.createClassContext(Lorg/jboss/arquillian/core/spi/EventContext;)V+56
v  ~StubRoutines::call_stub
j  sun.reflect.NativeMethodAccessorImpl.invoke0(Ljava/lang/reflect/Method;Ljava/lang/Object;[Ljava/lang/Object;)Ljava/lang/Object;+0
j  sun.reflect.NativeMethodAccessorImpl.invoke(Ljava/lang/Object;[Ljava/lang/Object;)Ljava/lang/Object;+87
j  sun.reflect.DelegatingMethodAccessorImpl.invoke(Ljava/lang/Object;[Ljava/lang/Object;)Ljava/lang/Object;+6
j  java.lang.reflect.Method.invoke(Ljava/lang/Object;[Ljava/lang/Object;)Ljava/lang/Object;+57
j  org.jboss.arquillian.core.impl.ObserverImpl.invoke(Lorg/jboss/arquillian/core/spi/Manager;Ljava/lang/Object;)Z+26
j  org.jboss.arquillian.core.impl.EventContextImpl.proceed()V+66
j  org.jboss.arquillian.test.impl.TestContextHandler.createSuiteContext(Lorg/jboss/arquillian/core/spi/EventContext;)V+20
v  ~StubRoutines::call_stub
j  sun.reflect.NativeMethodAccessorImpl.invoke0(Ljava/lang/reflect/Method;Ljava/lang/Object;[Ljava/lang/Object;)Ljava/lang/Object;+0
j  sun.reflect.NativeMethodAccessorImpl.invoke(Ljava/lang/Object;[Ljava/lang/Object;)Ljava/lang/Object;+87
j  sun.reflect.DelegatingMethodAccessorImpl.invoke(Ljava/lang/Object;[Ljava/lang/Object;)Ljava/lang/Object;+6
j  java.lang.reflect.Method.invoke(Ljava/lang/Object;[Ljava/lang/Object;)Ljava/lang/Object;+57
j  org.jboss.arquillian.core.impl.ObserverImpl.invoke(Lorg/jboss/arquillian/core/spi/Manager;Ljava/lang/Object;)Z+26
j  org.jboss.arquillian.core.impl.EventContextImpl.proceed()V+66
j  org.jboss.arquillian.core.impl.ManagerImpl.fire(Ljava/lang/Object;Lorg/jboss/arquillian/core/spi/NonManagedObserver;)V+59
j  org.jboss.arquillian.core.impl.ManagerImpl.fire(Ljava/lang/Object;)V+3
j  org.jboss.arquillian.test.impl.EventTestRunnerAdaptor.beforeClass(Ljava/lang/Class;Lorg/jboss/arquillian/test/spi/LifecycleMethodExecutor;)V+19
j  org.jboss.arquillian.junit.Arquillian$2.evaluate()V+24
j  org.jboss.arquillian.junit.Arquillian.multiExecute([Lorg/junit/runners/model/Statement;)V+32
j  org.jboss.arquillian.junit.Arquillian.access$100(Lorg/jboss/arquillian/junit/Arquillian;[Lorg/junit/runners/model/Statement;)V+2
j  org.jboss.arquillian.junit.Arquillian$3.evaluate()V+26
j  org.junit.runners.ParentRunner.run(Lorg/junit/runner/notification/RunNotifier;)V+20
j  org.jboss.arquillian.junit.Arquillian.run(Lorg/junit/runner/notification/RunNotifier;)V+100
j  org.apache.maven.surefire.junit4.JUnit4TestSet.execute(Ljava/lang/Class;Lorg/junit/runner/notification/RunNotifier;)V+10
j  org.apache.maven.surefire.junit4.JUnit4Provider.executeTestSet(Ljava/lang/Class;Lorg/apache/maven/surefire/report/ReporterManager;Ljava/lang/ClassLoader;Lorg/junit/runner/notification/RunNotifier;)V+41
j  org.apache.maven.surefire.junit4.JUnit4Provider.invoke(Ljava/lang/Object;)Lorg/apache/maven/surefire/suite/RunResult;+120
v  ~StubRoutines::call_stub
j  sun.reflect.NativeMethodAccessorImpl.invoke0(Ljava/lang/reflect/Method;Ljava/lang/Object;[Ljava/lang/Object;)Ljava/lang/Object;+0
j  sun.reflect.NativeMethodAccessorImpl.invoke(Ljava/lang/Object;[Ljava/lang/Object;)Ljava/lang/Object;+87
j  sun.reflect.DelegatingMethodAccessorImpl.invoke(Ljava/lang/Object;[Ljava/lang/Object;)Ljava/lang/Object;+6
j  java.lang.reflect.Method.invoke(Ljava/lang/Object;[Ljava/lang/Object;)Ljava/lang/Object;+57
j  org.apache.maven.surefire.booter.ProviderFactory$ClassLoaderProxy.invoke(Ljava/lang/Object;Ljava/lang/reflect/Method;[Ljava/lang/Object;)Ljava/lang/Object;+48
j  $Proxy0.invoke(Ljava/lang/Object;)Lorg/apache/maven/surefire/suite/RunResult;+16
j  org.apache.maven.surefire.booter.SurefireStarter.invokeProvider(Ljava/lang/Object;Ljava/lang/ClassLoader;Ljava/lang/ClassLoader;)Lorg/apache/maven/surefire/suite/RunResult;+39
j  org.apache.maven.surefire.booter.SurefireStarter.runSuitesInProcess()I+23
j  org.apache.maven.surefire.booter.ForkedBooter.main([Ljava/lang/String;)V+118
v  ~StubRoutines::call_stub

---------------  P R O C E S S  ---------------

Java Threads: ( => current thread )
  0x00007f0d985ee800 JavaThread "process reaper" daemon [_thread_blocked, id=24999, stack(0x00007f0da4036000,0x00007f0da4050000)]
  0x00007f0d983e4800 JavaThread "qtp98499519-16" [_thread_blocked, id=24997, stack(0x00007f0d9fcfd000,0x00007f0d9fdfe000)]
  0x00007f0d983e2000 JavaThread "qtp98499519-15" [_thread_blocked, id=24996, stack(0x00007f0d9fdfe000,0x00007f0d9feff000)]
  0x00007f0d983e0000 JavaThread "qtp98499519-14" [_thread_blocked, id=24995, stack(0x00007f0d9feff000,0x00007f0da0000000)]
  0x00007f0d983de000 JavaThread "qtp98499519-13" [_thread_blocked, id=24994, stack(0x00007f0da4050000,0x00007f0da4151000)]
  0x00007f0d983dc800 JavaThread "qtp98499519-12 Acceptor0 SelectChannelConnector@localhost:9090" [_thread_in_native, id=24993, stack(0x00007f0da4151000,0x00007f0da4252000)]
  0x00007f0d983db000 JavaThread "qtp98499519-11" [_thread_blocked, id=24992, stack(0x00007f0da4252000,0x00007f0da4353000)]
  0x00007f0d983da000 JavaThread "qtp98499519-10 Selector0" [_thread_in_native, id=24991, stack(0x00007f0da4353000,0x00007f0da4454000)]
  0x00007f0d983d6000 JavaThread "qtp98499519-9" [_thread_blocked, id=24990, stack(0x00007f0da4454000,0x00007f0da4555000)]
  0x00007f0da0055000 JavaThread "Service Thread" daemon [_thread_blocked, id=24988, stack(0x00007f0da4c54000,0x00007f0da4d55000)]
  0x00007f0da0052800 JavaThread "C2 CompilerThread1" daemon [_thread_blocked, id=24987, stack(0x00007f0da4d55000,0x00007f0da4e56000)]
  0x00007f0da004f800 JavaThread "C2 CompilerThread0" daemon [_thread_blocked, id=24986, stack(0x00007f0da4e56000,0x00007f0da4f57000)]
  0x00007f0da004d000 JavaThread "Signal Dispatcher" daemon [_thread_blocked, id=24985, stack(0x00007f0da4f57000,0x00007f0da5058000)]
  0x00007f0da0001000 JavaThread "Finalizer" daemon [_thread_blocked, id=24984, stack(0x00007f0da55dc000,0x00007f0da56dd000)]
  0x0000000002566000 JavaThread "Reference Handler" daemon [_thread_blocked, id=24983, stack(0x00007f0da56dd000,0x00007f0da57de000)]
=>0x00000000024b3800 JavaThread "main" [_thread_in_native, id=24977, stack(0x00007f0dac3ed000,0x00007f0dac4ee000)]

Other Threads:
  0x000000000255e800 VMThread [stack: 0x00007f0da57de000,0x00007f0da58df000] [id=24982]
  0x00007f0da0068000 WatcherThread [stack: 0x00007f0da4b53000,0x00007f0da4c54000] [id=24989]

VM state:not at safepoint (normal execution)

VM Mutex/Monitor currently owned by a thread: None

Heap
 PSYoungGen      total 51840K, used 36405K [0x00000000e0d60000, 0x00000000e72a0000, 0x0000000100000000)
  eden space 47872K, 67% used [0x00000000e0d60000,0x00000000e2d10a50,0x00000000e3c20000)
  from space 3968K, 99% used [0x00000000e3c20000,0x00000000e3ffca20,0x00000000e4000000)
  to   space 3968K, 0% used [0x00000000e6ec0000,0x00000000e6ec0000,0x00000000e72a0000)
 PSOldGen        total 63872K, used 2900K [0x00000000a2800000, 0x00000000a6660000, 0x00000000e0d60000)
  object space 63872K, 4% used [0x00000000a2800000,0x00000000a2ad5360,0x00000000a6660000)
 PSPermGen       total 21248K, used 15093K [0x000000009d600000, 0x000000009eac0000, 0x00000000a2800000)
  object space 21248K, 71% used [0x000000009d600000,0x000000009e4bd600,0x000000009eac0000)

Code Cache  [0x00007f0da6949000, 0x00007f0da6bb9000, 0x00007f0da9949000)
 total_blobs=552 nmethods=274 adapters=231 free_code_cache=48065Kb largest_free_block=49174400

Dynamic libraries:
00400000-00401000 r-xp 00000000 08:05 18277422                           /usr/lib/jvm/java-7-oracle/jre/bin/java
00600000-00601000 rw-p 00000000 08:05 18277422                           /usr/lib/jvm/java-7-oracle/jre/bin/java
024ab000-02cc3000 rw-p 00000000 00:00 0                                  [heap]
9d600000-9eac0000 rw-p 00000000 00:00 0 
9eac0000-a2800000 rw-p 00000000 00:00 0 
a2800000-a6660000 rw-p 00000000 00:00 0 
a6660000-e0d60000 rw-p 00000000 00:00 0 
e0d60000-e72a0000 rw-p 00000000 00:00 0 
e72a0000-100000000 rw-p 00000000 00:00 0 
7f0d98000000-7f0d986a3000 rw-p 00000000 00:00 0 
7f0d986a3000-7f0d9c000000 ---p 00000000 00:00 0 
7f0d9fcfd000-7f0d9fd00000 ---p 00000000 00:00 0 
7f0d9fd00000-7f0d9fdfe000 rw-p 00000000 00:00 0 
7f0d9fdfe000-7f0d9fe01000 ---p 00000000 00:00 0 
7f0d9fe01000-7f0d9feff000 rw-p 00000000 00:00 0 
7f0d9feff000-7f0d9ff02000 ---p 00000000 00:00 0 
7f0d9ff02000-7f0da0000000 rw-p 00000000 00:00 0 
7f0da0000000-7f0da07a0000 rw-p 00000000 00:00 0 
7f0da07a0000-7f0da4000000 ---p 00000000 00:00 0 
7f0da4036000-7f0da4039000 ---p 00000000 00:00 0 
7f0da4039000-7f0da4050000 rw-p 00000000 00:00 0 
7f0da4050000-7f0da4053000 ---p 00000000 00:00 0 
7f0da4053000-7f0da4151000 rw-p 00000000 00:00 0 
7f0da4151000-7f0da4154000 ---p 00000000 00:00 0 
7f0da4154000-7f0da4252000 rw-p 00000000 00:00 0 
7f0da4252000-7f0da4255000 ---p 00000000 00:00 0 
7f0da4255000-7f0da4353000 rw-p 00000000 00:00 0 
7f0da4353000-7f0da4356000 ---p 00000000 00:00 0 
7f0da4356000-7f0da4454000 rw-p 00000000 00:00 0 
7f0da4454000-7f0da4457000 ---p 00000000 00:00 0 
7f0da4457000-7f0da4555000 rw-p 00000000 00:00 0 
7f0da4555000-7f0da456a000 r-xp 00000000 08:05 18286636                   /usr/lib/jvm/java-7-oracle/jre/lib/amd64/libnet.so
7f0da456a000-7f0da476a000 ---p 00015000 08:05 18286636                   /usr/lib/jvm/java-7-oracle/jre/lib/amd64/libnet.so
7f0da476a000-7f0da476b000 rw-p 00015000 08:05 18286636                   /usr/lib/jvm/java-7-oracle/jre/lib/amd64/libnet.so
7f0da476b000-7f0da477b000 r-xp 00000000 08:05 18286631                   /usr/lib/jvm/java-7-oracle/jre/lib/amd64/libnio.so
7f0da477b000-7f0da497b000 ---p 00010000 08:05 18286631                   /usr/lib/jvm/java-7-oracle/jre/lib/amd64/libnio.so
7f0da497b000-7f0da497c000 rw-p 00010000 08:05 18286631                   /usr/lib/jvm/java-7-oracle/jre/lib/amd64/libnio.so
7f0da497c000-7f0da497d000 r--s 00003000 08:05 7242620                    /home/lb3/.m2/repository/org/apache/maven/surefire/surefire-junit4/2.7.1/surefire-junit4-2.7.1.jar
7f0da497d000-7f0da4983000 r--s 00033000 08:05 7431954                    /home/lb3/.m2/repository/junit/junit/4.7/junit-4.7.jar
7f0da4983000-7f0da4987000 r--s 00013000 08:05 7127888                    /home/lb3/.m2/repository/org/jboss/spec/javax/xml/bind/jboss-jaxb-api_2.2_spec/1.0.0.Final/jboss-jaxb-api_2.2_spec-1.0.0.Final.jar
7f0da4987000-7f0da4989000 r--s 00007000 08:05 7127873                    /home/lb3/.m2/repository/org/jboss/spec/javax/el/jboss-el-api_2.2_spec/1.0.0.Final/jboss-el-api_2.2_spec-1.0.0.Final.jar
7f0da4989000-7f0da4995000 r--s 000b0000 08:05 9085670                    /home/lb3/.m2/repository/org/jboss/spec/javax/faces/jboss-jsf-api_2.1_spec/2.0.0.Beta1/jboss-jsf-api_2.1_spec-2.0.0.Beta1.jar
7f0da4995000-7f0da4998000 r--s 0000f000 08:05 7127885                    /home/lb3/.m2/repository/org/jboss/spec/javax/servlet/jboss-servlet-api_3.0_spec/1.0.0.Final/jboss-servlet-api_3.0_spec-1.0.0.Final.jar
7f0da4998000-7f0da499b000 r--s 0000a000 08:05 7193929                    /home/lb3/.m2/repository/javax/servlet/jsp/jsp-api/2.2/jsp-api-2.2.jar
7f0da499b000-7f0da499d000 r--s 00007000 08:05 7127853                    /home/lb3/.m2/repository/javax/el/el-api/2.2/el-api-2.2.jar
7f0da499d000-7f0da49a0000 r--s 00018000 08:05 7168129                    /home/lb3/.m2/repository/org/glassfish/web/el-impl/2.2/el-impl-2.2.jar
7f0da49a0000-7f0da49a1000 r--s 00000000 08:05 7127946                    /home/lb3/.m2/repository/javax/inject/javax.inject/1/javax.inject-1.jar
7f0da49a1000-7f0da49a2000 r--s 00001000 08:05 7127835                    /home/lb3/.m2/repository/org/jboss/spec/javax/interceptor/jboss-interceptors-api_1.1_spec/1.0.0.Beta1/jboss-interceptors-api_1.1_spec-1.0.0.Beta1.jar
7f0da49a2000-7f0da49a5000 r--s 0000a000 08:05 7127836                    /home/lb3/.m2/repository/javax/enterprise/cdi-api/1.0-SP4/cdi-api-1.0-SP4.jar
7f0da49a5000-7f0da49ac000 r--s 00053000 08:05 7415587                    /home/lb3/.m2/repository/log4j/log4j/1.2.14/log4j-1.2.14.jar
7f0da49ac000-7f0da49ad000 r--s 00002000 08:05 7127949                    /home/lb3/.m2/repository/org/slf4j/slf4j-log4j12/1.5.10/slf4j-log4j12-1.5.10.jar
7f0da49ad000-7f0da49ae000 r--s 00005000 08:05 7127940                    /home/lb3/.m2/repository/org/slf4j/slf4j-api/1.5.10/slf4j-api-1.5.10.jar
7f0da49ae000-7f0da49af000 r--s 00001000 08:05 7143919                    /home/lb3/.m2/repository/org/slf4j/slf4j-simple/1.5.10/slf4j-simple-1.5.10.jar
7f0da49af000-7f0da49b1000 r--s 0000c000 08:05 18007510                   /home/lb3/.m2/repository/org/eclipse/jetty/orbit/javax.activation/1.1.0.v201105071233/javax.activation-1.1.0.v201105071233.jar
7f0da49b1000-7f0da49b7000 r--s 00072000 08:05 18007509                   /home/lb3/.m2/repository/org/eclipse/jetty/orbit/javax.mail.glassfish/1.4.1.v201005082020/javax.mail.glassfish-1.4.1.v201005082020.jar
7f0da49b7000-7f0da49b9000 r--s 00008000 08:05 18007508                   /home/lb3/.m2/repository/org/eclipse/jetty/jetty-jndi/8.1.2.v20120308/jetty-jndi-8.1.2.v20120308.jar
7f0da49b9000-7f0da49bb000 r--s 00006000 08:05 18007507                   /home/lb3/.m2/repository/org/eclipse/jetty/orbit/javax.transaction/1.1.1.v201105210645/javax.transaction-1.1.1.v201105210645.jar
7f0da49bb000-7f0da49bd000 r--s 00013000 08:05 18007506                   /home/lb3/.m2/repository/org/eclipse/jetty/jetty-plus/8.1.2.v20120308/jetty-plus-8.1.2.v20120308.jar
7f0da49bd000-7f0da49bf000 r--s 00017000 08:05 18007500                   /home/lb3/.m2/repository/org/eclipse/jetty/jetty-io/8.1.2.v20120308/jetty-io-8.1.2.v20120308.jar
7f0da49bf000-7f0da49c1000 r--s 00015000 08:05 18007499                   /home/lb3/.m2/repository/org/eclipse/jetty/jetty-http/8.1.2.v20120308/jetty-http-8.1.2.v20120308.jar
7f0da49c1000-7f0da49c3000 r--s 00004000 08:05 18007498                   /home/lb3/.m2/repository/org/eclipse/jetty/jetty-continuation/8.1.2.v20120308/jetty-continuation-8.1.2.v20120308.jar
7f0da49c3000-7f0da49c6000 r--s 0002e000 08:05 18007497                   /home/lb3/.m2/repository/org/eclipse/jetty/orbit/javax.servlet/3.0.0.v201112011016/javax.servlet-3.0.0.v201112011016.jar
7f0da49c6000-7f0da49cb000 r--s 0004c000 08:05 18007496                   /home/lb3/.m2/repository/org/eclipse/jetty/jetty-server/8.1.2.v20120308/jetty-server-8.1.2.v20120308.jar
7f0da49cb000-7f0da49ce000 r--s 00013000 08:05 18007490                   /home/lb3/.m2/repository/org/eclipse/jetty/jetty-security/8.1.2.v20120308/jetty-security-8.1.2.v20120308.jar
7f0da49ce000-7f0da49d0000 r--s 00016000 08:05 18007489                   /home/lb3/.m2/repository/org/eclipse/jetty/jetty-servlet/8.1.2.v20120308/jetty-servlet-8.1.2.v20120308.jar
7f0da49d0000-7f0da49d5000 r--s 0003d000 08:05 18007488                   /home/lb3/.m2/repository/org/eclipse/jetty/jetty-util/8.1.2.v20120308/jetty-util-8.1.2.v20120308.jar
7f0da49d5000-7f0da49d7000 r--s 00008000 08:05 18007487                   /home/lb3/.m2/repository/org/eclipse/jetty/jetty-xml/8.1.2.v20120308/jetty-xml-8.1.2.v20120308.jar
7f0da49d7000-7f0da49da000 r--s 00018000 08:05 18007486                   /home/lb3/.m2/repository/org/eclipse/jetty/jetty-webapp/8.1.2.v20120308/jetty-webapp-8.1.2.v20120308.jar
7f0da49da000-7f0da49dc000 r--s 00005000 08:05 7381160                    /home/lb3/.m2/repository/org/apache/maven/wagon/wagon-http-shared/1.0-beta-7/wagon-http-shared-1.0-beta-7.jar
7f0da49dc000-7f0da49dd000 r--s 00003000 08:05 7381158                    /home/lb3/.m2/repository/org/apache/maven/wagon/wagon-http-lightweight/1.0-beta-7/wagon-http-lightweight-1.0-beta-7.jar
7f0da49dd000-7f0da49de000 r--s 00002000 08:05 7381155                    /home/lb3/.m2/repository/org/apache/maven/wagon/wagon-file/1.0-beta-7/wagon-file-1.0-beta-7.jar
7f0da49de000-7f0da49e0000 r--s 0000b000 08:05 7143920                    /home/lb3/.m2/repository/org/apache/maven/wagon/wagon-provider-api/1.0-beta-7/wagon-provider-api-1.0-beta-7.jar
7f0da49e0000-7f0da49e2000 r--s 00002000 08:05 7143916                    /home/lb3/.m2/repository/org/sonatype/plexus/plexus-cipher/1.4/plexus-cipher-1.4.jar
7f0da49e2000-7f0da49e3000 r--s 00006000 08:05 7143905                    /home/lb3/.m2/repository/org/sonatype/plexus/plexus-sec-dispatcher/1.3/plexus-sec-dispatcher-1.3.jar
7f0da49e3000-7f0da49e5000 r--s 0000a000 08:05 19628033                   /home/lb3/.m2/repository/org/apache/maven/maven-settings/3.0.1/maven-settings-3.0.1.jar
7f0da49e5000-7f0da49e7000 r--s 0000d000 08:05 7137042                    /home/lb3/.m2/repository/org/codehaus/plexus/plexus-interpolation/1.14/plexus-interpolation-1.14.jar
7f0da49e7000-7f0da49ea000 r--s 00008000 08:05 7407187                    /home/lb3/.m2/repository/org/apache/maven/maven-settings-builder/3.0.1/maven-settings-builder-3.0.1.jar
7f0da49ea000-7f0da49ee000 r--s 00033000 08:05 7137036                    /home/lb3/.m2/repository/org/codehaus/plexus/plexus-utils/2.0.4/plexus-utils-2.0.4.jar
7f0da49ee000-7f0da49f0000 r--s 00000000 08:05 7137043                    /home/lb3/.m2/repository/org/codehaus/plexus/plexus-component-annotations/1.5.5/plexus-component-annotations-1.5.5.jar
7f0da49f0000-7f0da49f3000 r--s 00018000 08:05 19595265                   /home/lb3/.m2/repository/org/sonatype/aether/aether-impl/1.8/aether-impl-1.8.jar
7f0da49f3000-7f0da49f5000 r--s 00006000 08:05 19505154                   /home/lb3/.m2/repository/org/apache/maven/maven-repository-metadata/3.0.1/maven-repository-metadata-3.0.1.jar
7f0da49f5000-7f0da49fa000 r--s 00020000 08:05 19464194                   /home/lb3/.m2/repository/org/apache/maven/maven-model-builder/3.0.1/maven-model-builder-3.0.1.jar
7f0da49fa000-7f0da49fd000 r--s 00026000 08:05 19423233                   /home/lb3/.m2/repository/org/apache/maven/maven-model/3.0.1/maven-model-3.0.1.jar
7f0da49fd000-7f0da49ff000 r--s 0000b000 08:05 19341313                   /home/lb3/.m2/repository/org/apache/maven/maven-aether-provider/3.0.1/maven-aether-provider-3.0.1.jar
7f0da49ff000-7f0da4a0c000 r--s 00081000 08:05 7234497                    /home/lb3/.m2/repository/com/google/collections/google-collections/1.0/google-collections-1.0.jar
7f0da4a0c000-7f0da4a0d000 r--s 0000a000 08:05 7381157                    /home/lb3/.m2/repository/commons-logging/commons-logging-api/1.1/commons-logging-api-1.1.jar
7f0da4a0d000-7f0da4a11000 r--s 0001d000 08:05 7234499                    /home/lb3/.m2/repository/org/apache/xbean/xbean-reflect/3.4/xbean-reflect-3.4.jar
7f0da4a11000-7f0da4a13000 r--s 0000a000 08:05 7194320                    /home/lb3/.m2/repository/org/codehaus/plexus/plexus-classworlds/2.2.2/plexus-classworlds-2.2.2.jar
7f0da4a13000-7f0da4a1a000 r--s 0002e000 08:05 7185936                    /home/lb3/.m2/repository/org/codehaus/plexus/plexus-container-default/1.5.5/plexus-container-default-1.5.5.jar
7f0da4a1a000-7f0da4a1c000 r--s 00002000 08:05 7406552                    /home/lb3/.m2/repository/org/sonatype/aether/aether-spi/1.8/aether-spi-1.8.jar
7f0da4a1c000-7f0da4a1d000 r--s 00006000 08:05 7406551                    /home/lb3/.m2/repository/org/sonatype/aether/aether-connector-wagon/1.8/aether-connector-wagon-1.8.jar
7f0da4a1d000-7f0da4a20000 r--s 00019000 08:05 7406550                    /home/lb3/.m2/repository/org/sonatype/aether/aether-util/1.8/aether-util-1.8.jar
7f0da4a20000-7f0da4a23000 r--s 00010000 08:05 7406542                    /home/lb3/.m2/repository/org/sonatype/aether/aether-api/1.8/aether-api-1.8.jar
7f0da4a23000-7f0da4a25000 r--s 00002000 08:05 18007461                   /home/lb3/.m2/repository/org/jboss/shrinkwrap/resolver/shrinkwrap-resolver-api-maven/1.0.0-beta-6/shrinkwrap-resolver-api-maven-1.0.0-beta-6.jar
7f0da4a25000-7f0da4a26000 r--s 00002000 08:05 18007460                   /home/lb3/.m2/repository/org/jboss/shrinkwrap/resolver/shrinkwrap-resolver-api/1.0.0-beta-6/shrinkwrap-resolver-api-1.0.0-beta-6.jar
7f0da4a26000-7f0da4a29000 r--s 0000d000 08:05 9544797                    /home/lb3/.m2/repository/org/jboss/shrinkwrap/shrinkwrap-api/1.0.0-cr-1/shrinkwrap-api-1.0.0-cr-1.jar
7f0da4a29000-7f0da4a2b000 r--s 00009000 08:05 18007458                   /home/lb3/.m2/repository/org/jboss/shrinkwrap/resolver/shrinkwrap-resolver-impl-maven/1.0.0-beta-6/shrinkwrap-resolver-impl-maven-1.0.0-beta-6.jar
7f0da4a2b000-7f0da4a2c000 r--s 00001000 08:05 9281755                    /home/lb3/.m2/repository/org/jboss/shrinkwrap/container/shrinkwrap-extension-jetty-70/1.0.0-beta-1/shrinkwrap-extension-jetty-70-1.0.0-beta-1.jar
7f0da4a2c000-7f0da4a2d000 r--s 00001000 08:05 9281754                    /home/lb3/.m2/repository/org/jboss/arquillian/testenricher/arquillian-testenricher-initialcontext/1.0.0.CR1/arquillian-testenricher-initialcontext-1.0.0.CR1.jar
7f0da4a2d000-7f0da4a2e000 r--s 00003000 08:05 9281753                    /home/lb3/.m2/repository/org/jboss/arquillian/testenricher/arquillian-testenricher-resource/1.0.0.CR1/arquillian-testenricher-resource-1.0.0.CR1.jar
7f0da4a2e000-7f0da4a30000 r--s 00004000 08:05 9281752                    /home/lb3/.m2/repository/org/jboss/arquillian/testenricher/arquillian-testenricher-cdi/1.0.0.CR1/arquillian-testenricher-cdi-1.0.0.CR1.jar
7f0da4a30000-7f0da4a32000 r--s 00007000 08:05 9281751                    /home/lb3/.m2/repository/org/jboss/arquillian/protocol/arquillian-protocol-servlet/1.0.0.CR1/arquillian-protocol-servlet-1.0.0.CR1.jar
7f0da4a32000-7f0da4a33000 r--s 00002000 08:05 9184031                    /home/lb3/.m2/repository/org/jboss/arquillian/container/arquillian-jetty-embedded-7/1.0.0.CR1/arquillian-jetty-embedded-7-1.0.0.CR1.jar
7f0da4a33000-7f0da4a34000 r--s 00000000 08:05 18007456                   /home/lb3/.m2/repository/org/jboss/shrinkwrap/shrinkwrap-spi/1.0.0/shrinkwrap-spi-1.0.0.jar
7f0da4a34000-7f0da4a38000 r--s 00020000 08:05 18007455                   /home/lb3/.m2/repository/org/jboss/shrinkwrap/shrinkwrap-impl-base/1.0.0/shrinkwrap-impl-base-1.0.0.jar
7f0da4a38000-7f0da4a3c000 r--s 00013000 08:05 18007452                   /home/lb3/.m2/repository/org/jboss/arquillian/container/arquillian-container-test-impl-base/1.0.0.Final/arquillian-container-test-impl-base-1.0.0.Final.jar
7f0da4a3c000-7f0da4a3f000 r--s 00007000 08:05 18007450                   /home/lb3/.m2/repository/org/jboss/shrinkwrap/descriptors/shrinkwrap-descriptors-spi/2.0.0-alpha-2/shrinkwrap-descriptors-spi-2.0.0-alpha-2.jar
7f0da4a3f000-7f0da4a41000 r--s 00008000 08:05 18007448                   /home/lb3/.m2/repository/org/jboss/arquillian/config/arquillian-config-impl-base/1.0.0.Final/arquillian-config-impl-base-1.0.0.Final.jar
7f0da4a41000-7f0da4a42000 r--s 00001000 08:05 18007449                   /home/lb3/.m2/repository/org/jboss/arquillian/config/arquillian-config-api/1.0.0.Final/arquillian-config-api-1.0.0.Final.jar
7f0da4a42000-7f0da4a45000 r--s 0000a000 08:05 18007444                   /home/lb3/.m2/repository/org/jboss/arquillian/container/arquillian-container-impl-base/1.0.0.Final/arquillian-container-impl-base-1.0.0.Final.jar
7f0da4a45000-7f0da4a46000 r--s 00004000 08:05 18007442                   /home/lb3/.m2/repository/org/jboss/arquillian/test/arquillian-test-impl-base/1.0.0.Final/arquillian-test-impl-base-1.0.0.Final.jar
7f0da4a46000-7f0da4a48000 r--s 00009000 08:05 18007440                   /home/lb3/.m2/repository/org/jboss/arquillian/core/arquillian-core-impl-base/1.0.0.Final/arquillian-core-impl-base-1.0.0.Final.jar
7f0da4a48000-7f0da4a4a000 r--s 00002000 08:05 18007438                   /home/lb3/.m2/repository/org/jboss/shrinkwrap/descriptors/shrinkwrap-descriptors-api-base/2.0.0-alpha-2/shrinkwrap-descriptors-api-base-2.0.0-alpha-2.jar
7f0da4a4a000-7f0da4a4d000 r--s 0000a000 08:05 18007439                   /home/lb3/.m2/repository/org/jboss/arquillian/container/arquillian-container-spi/1.0.0.Final/arquillian-container-spi-1.0.0.Final.jar
7f0da4a4d000-7f0da4a4f000 r--s 00004000 08:05 18007435                   /home/lb3/.m2/repository/org/jboss/arquillian/container/arquillian-container-test-spi/1.0.0.Final/arquillian-container-test-spi-1.0.0.Final.jar
7f0da4a4f000-7f0da4a50000 r--s 00001000 08:05 18007432                   /home/lb3/.m2/repository/org/jboss/arquillian/container/arquillian-container-test-api/1.0.0.Final/arquillian-container-test-api-1.0.0.Final.jar
7f0da4a50000-7f0da4a52000 r--s 00004000 08:05 18007429                   /home/lb3/.m2/repository/org/jboss/arquillian/core/arquillian-core-spi/1.0.0.Final/arquillian-core-spi-1.0.0.Final.jar
7f0da4a52000-7f0da4a54000 r--s 00007000 08:05 18007427                   /home/lb3/.m2/repository/org/jboss/arquillian/test/arquillian-test-spi/1.0.0.Final/arquillian-test-spi-1.0.0.Final.jar
7f0da4a54000-7f0da4a56000 r--s 00001000 08:05 18007426                   /home/lb3/.m2/repository/org/jboss/arquillian/core/arquillian-core-api/1.0.0.Final/arquillian-core-api-1.0.0.Final.jar
7f0da4a56000-7f0da4a57000 r--s 00000000 08:05 18007425                   /home/lb3/.m2/repository/org/jboss/arquillian/test/arquillian-test-api/1.0.0.Final/arquillian-test-api-1.0.0.Final.jar
7f0da4a57000-7f0da4a58000 r--s 00004000 08:05 18007431                   /home/lb3/.m2/repository/org/jboss/arquillian/junit/arquillian-junit-core/1.0.0.Final/arquillian-junit-core-1.0.0.Final.jar
7f0da4a58000-7f0da4a59000 r--s 00001000 08:05 18007423                   /home/lb3/.m2/repository/org/jboss/arquillian/junit/arquillian-junit-container/1.0.0.Final/arquillian-junit-container-1.0.0.Final.jar
7f0da4a59000-7f0da4a5c000 r--s 00024000 08:05 9191722                    /home/lb3/.m2/repository/commons-io/commons-io/2.0.1/commons-io-2.0.1.jar
7f0da4a5c000-7f0da4a5d000 r--s 00003000 08:05 7194126                    /home/lb3/.m2/repository/org/w3c/css/sac/1.3/sac-1.3.jar
7f0da4a5d000-7f0da4a60000 r--s 0003b000 08:05 7194125                    /home/lb3/.m2/repository/net/sourceforge/cssparser/cssparser/0.9.5/cssparser-0.9.5.jar
7f0da4a60000-7f0da4a63000 r--s 00022000 08:05 18203657                   /home/lb3/.m2/repository/net/sourceforge/nekohtml/nekohtml/1.9.15/nekohtml-1.9.15.jar
7f0da4a63000-7f0da4a6b000 r--s 00028000 08:05 7143943                    /home/lb3/.m2/repository/xml-apis/xml-apis/1.3.04/xml-apis-1.3.04.jar
7f0da4a6b000-7f0da4a83000 r--s 00115000 08:05 7194095                    /home/lb3/.m2/repository/xerces/xercesImpl/2.9.1/xercesImpl-2.9.1.jar
7f0da4a83000-7f0da4a91000 r--s 000e1000 08:05 18203656                   /home/lb3/.m2/repository/net/sourceforge/htmlunit/htmlunit-core-js/2.9/htmlunit-core-js-2.9.jar
7f0da4a91000-7f0da4a93000 r--s 00005000 08:05 18203661                   /home/lb3/.m2/repository/org/apache/httpcomponents/httpmime/4.1.2/httpmime-4.1.2.jar
7f0da4a93000-7f0da4a98000 r--s 00041000 08:05 8954108                    /home/lb3/.m2/repository/commons-lang/commons-lang/2.6/commons-lang-2.6.jar
7f0da4a98000-7f0da4aa6000 r--s 0007f000 08:05 7194976                    /home/lb3/.m2/repository/commons-collections/commons-collections/3.2.1/commons-collections-3.2.1.jar
7f0da4aa6000-7f0da4aa9000 r--s 00041000 08:05 7194129                    /home/lb3/.m2/repository/xalan/serializer/2.7.1/serializer-2.7.1.jar
7f0da4aa9000-7f0da4ace000 r--s 002e3000 08:05 7194128                    /home/lb3/.m2/repository/xalan/xalan/2.7.1/xalan-2.7.1.jar
7f0da4ace000-7f0da4adf000 r--s 000e4000 08:05 18203654                   /home/lb3/.m2/repository/net/sourceforge/htmlunit/htmlunit/2.9/htmlunit-2.9.jar
7f0da4adf000-7f0da4ae1000 r--s 0000d000 08:05 21405698                   /home/lb3/.m2/repository/commons-codec/commons-codec/1.4/commons-codec-1.4.jar
7f0da4ae1000-7f0da4ae3000 r--s 0000d000 08:05 7144450                    /home/lb3/.m2/repository/commons-logging/commons-logging/1.1.1/commons-logging-1.1.1.jar
7f0da4ae3000-7f0da4ae8000 r--s 00028000 08:05 17942155                   /home/lb3/.m2/repository/org/apache/httpcomponents/httpcore/4.1.4/httpcore-4.1.4.jar
7f0da4ae8000-7f0da4af1000 r--s 0004e000 08:05 17950626                   /home/lb3/.m2/repository/org/apache/httpcomponents/httpclient/4.1.3/httpclient-4.1.3.jar
7f0da4af1000-7f0da4b0f000 r--s 0014f000 08:05 9241800                    /home/lb3/.m2/repository/org/mockito/mockito-all/1.9.0-rc1/mockito-all-1.9.0-rc1.jar
7f0da4b0f000-7f0da4b10000 r--s 00001000 08:05 18202993                   /home/lb3/.m2/repository/org/ocpsoft/logging/logging-adapter-slf4j/1.0.1.Final/logging-adapter-slf4j-1.0.1.Final.jar
7f0da4b10000-7f0da4b12000 r--s 00003000 08:05 16171977                   /home/lb3/.m2/repository/org/ocpsoft/rewrite/rewrite-test-harness/1.0.6-SNAPSHOT/rewrite-test-harness-1.0.6-SNAPSHOT.jar
7f0da4b12000-7f0da4b14000 r--s 00000000 08:05 18129273                   /home/lb3/Projects/ocpsoft/prettyfaces/test-harness/target/prettyfaces-test-harness-4.0.0-SNAPSHOT.jar
7f0da4b14000-7f0da4b16000 r--s 00004000 08:05 7243301                    /home/lb3/.m2/repository/javax/servlet/jstl/1.1.2/jstl-1.1.2.jar
7f0da4b16000-7f0da4b39000 r--s 00256000 08:05 17933130                   /home/lb3/.m2/repository/org/glassfish/javax.faces/2.1.7/javax.faces-2.1.7.jar
7f0da4b39000-7f0da4b3b000 r--s 00005000 08:05 18203100                   /home/lb3/.m2/repository/org/ocpsoft/rewrite/rewrite-integration-faces/1.0.6-SNAPSHOT/rewrite-integration-faces-1.0.6-SNAPSHOT.jar
7f0da4b3b000-7f0da4b3d000 r--s 00001000 08:05 18203103                   /home/lb3/.m2/repository/org/ocpsoft/rewrite/rewrite-config-annotations-api/1.0.6-SNAPSHOT/rewrite-config-annotations-api-1.0.6-SNAPSHOT.jar
7f0da4b3d000-7f0da4b3f000 r--s 00003000 08:05 18203054                   /home/lb3/.m2/repository/org/ocpsoft/rewrite/rewrite-api-servlet/1.0.6-SNAPSHOT/rewrite-api-servlet-1.0.6-SNAPSHOT.jar
7f0da4b3f000-7f0da4b41000 r--s 00001000 08:05 18007682                   /home/lb3/.m2/repository/org/ocpsoft/logging/logging-api/1.0.1.Final/logging-api-1.0.1.Final.jar
7f0da4b41000-7f0da4b43000 r--s 00002000 08:05 16171995                   /home/lb3/.m2/repository/org/ocpsoft/common/common-api/1.0.4.Final/common-api-1.0.4.Final.jar
7f0da4b43000-7f0da4b46000 r--s 0000e000 08:05 16171980                   /home/lb3/.m2/repository/org/ocpsoft/rewrite/rewrite-api/1.0.6-SNAPSHOT/rewrite-api-1.0.6-SNAPSHOT.jar
7f0da4b46000-7f0da4b47000 r--s 00005000 08:05 18203099                   /home/lb3/.m2/repository/org/ocpsoft/rewrite/rewrite-config-annotations-impl/1.0.6-SNAPSHOT/rewrite-config-annotations-impl-1.0.6-SNAPSHOT.jar
7f0da4b47000-7f0da4b48000 r--s 00003000 08:05 18203053                   /home/lb3/.m2/repository/org/ocpsoft/rewrite/rewrite-impl-config/1.0.6-SNAPSHOT/rewrite-impl-config-1.0.6-SNAPSHOT.jar
7f0da4b48000-7f0da4b4d000 r--s 00022000 08:05 18203048                   /home/lb3/.m2/repository/org/ocpsoft/rewrite/rewrite-impl-servlet/1.0.6-SNAPSHOT/rewrite-impl-servlet-1.0.6-SNAPSHOT.jar
7f0da4b4d000-7f0da4b4e000 r--s 00000000 08:05 18129290                   /home/lb3/Projects/ocpsoft/prettyfaces/core/target/prettyfaces-core-4.0.0-SNAPSHOT.jar
7f0da4b4e000-7f0da4b51000 r--s 00019000 08:05 7185088                    /home/lb3/.m2/repository/org/apache/maven/surefire/surefire-api/2.7.1/surefire-api-2.7.1.jar
7f0da4b51000-7f0da4b52000 r--s 00007000 08:05 7185085                    /home/lb3/.m2/repository/org/apache/maven/surefire/surefire-booter/2.7.1/surefire-booter-2.7.1.jar
7f0da4b52000-7f0da4b53000 r--s 00003000 08:05 18129375                   /home/lb3/Projects/ocpsoft/prettyfaces/annotations/target/surefire/surefirebooter8045364880410000963.jar
7f0da4b53000-7f0da4b54000 ---p 00000000 00:00 0 
7f0da4b54000-7f0da4c54000 rw-p 00000000 00:00 0 
7f0da4c54000-7f0da4c57000 ---p 00000000 00:00 0 
7f0da4c57000-7f0da4d55000 rw-p 00000000 00:00 0 
7f0da4d55000-7f0da4d58000 ---p 00000000 00:00 0 
7f0da4d58000-7f0da4e56000 rw-p 00000000 00:00 0 
7f0da4e56000-7f0da4e59000 ---p 00000000 00:00 0 
7f0da4e59000-7f0da4f57000 rw-p 00000000 00:00 0 
7f0da4f57000-7f0da4f5a000 ---p 00000000 00:00 0 
7f0da4f5a000-7f0da5058000 rw-p 00000000 00:00 0 
7f0da5058000-7f0da55dc000 r--p 00000000 08:05 8102011                    /usr/lib/locale/locale-archive
7f0da55dc000-7f0da55df000 ---p 00000000 00:00 0 
7f0da55df000-7f0da56dd000 rw-p 00000000 00:00 0 
7f0da56dd000-7f0da56e0000 ---p 00000000 00:00 0 
7f0da56e0000-7f0da57de000 rw-p 00000000 00:00 0 
7f0da57de000-7f0da57df000 ---p 00000000 00:00 0 
7f0da57df000-7f0da5e54000 rw-p 00000000 00:00 0 
7f0da5e54000-7f0da6013000 r--s 03a09000 08:05 18286675                   /usr/lib/jvm/java-7-oracle/jre/lib/rt.jar
7f0da6013000-7f0da6014000 ---p 00000000 00:00 0 
7f0da6014000-7f0da6114000 rw-p 00000000 00:00 0 
7f0da6114000-7f0da6115000 ---p 00000000 00:00 0 
7f0da6115000-7f0da6215000 rw-p 00000000 00:00 0 
7f0da6215000-7f0da6216000 ---p 00000000 00:00 0 
7f0da6216000-7f0da6316000 rw-p 00000000 00:00 0 
7f0da6316000-7f0da6317000 ---p 00000000 00:00 0 
7f0da6317000-7f0da6422000 rw-p 00000000 00:00 0 
7f0da6422000-7f0da6440000 rw-p 00000000 00:00 0 
7f0da6440000-7f0da6460000 rw-p 00000000 00:00 0 
7f0da6460000-7f0da6633000 rw-p 00000000 00:00 0 
7f0da6633000-7f0da663e000 rw-p 00000000 00:00 0 
7f0da663e000-7f0da665c000 rw-p 00000000 00:00 0 
7f0da665c000-7f0da667c000 rw-p 00000000 00:00 0 
7f0da667c000-7f0da684e000 rw-p 00000000 00:00 0 
7f0da684e000-7f0da6882000 rw-p 00000000 00:00 0 
7f0da6882000-7f0da6948000 rw-p 00000000 00:00 0 
7f0da6948000-7f0da6949000 rw-p 00000000 00:00 0 
7f0da6949000-7f0da6bb9000 rwxp 00000000 00:00 0 
7f0da6bb9000-7f0da9949000 rw-p 00000000 00:00 0 
7f0da9949000-7f0da9963000 r-xp 00000000 08:05 18286604                   /usr/lib/jvm/java-7-oracle/jre/lib/amd64/libzip.so
7f0da9963000-7f0da9b63000 ---p 0001a000 08:05 18286604                   /usr/lib/jvm/java-7-oracle/jre/lib/amd64/libzip.so
7f0da9b63000-7f0da9b64000 rw-p 0001a000 08:05 18286604                   /usr/lib/jvm/java-7-oracle/jre/lib/amd64/libzip.so
7f0da9b64000-7f0da9b70000 r-xp 00000000 08:05 918976                     /lib/x86_64-linux-gnu/libnss_files-2.13.so
7f0da9b70000-7f0da9d6f000 ---p 0000c000 08:05 918976                     /lib/x86_64-linux-gnu/libnss_files-2.13.so
7f0da9d6f000-7f0da9d70000 r--p 0000b000 08:05 918976                     /lib/x86_64-linux-gnu/libnss_files-2.13.so
7f0da9d70000-7f0da9d71000 rw-p 0000c000 08:05 918976                     /lib/x86_64-linux-gnu/libnss_files-2.13.so
7f0da9d71000-7f0da9d7b000 r-xp 00000000 08:05 918988                     /lib/x86_64-linux-gnu/libnss_nis-2.13.so
7f0da9d7b000-7f0da9f7b000 ---p 0000a000 08:05 918988                     /lib/x86_64-linux-gnu/libnss_nis-2.13.so
7f0da9f7b000-7f0da9f7c000 r--p 0000a000 08:05 918988                     /lib/x86_64-linux-gnu/libnss_nis-2.13.so
7f0da9f7c000-7f0da9f7d000 rw-p 0000b000 08:05 918988                     /lib/x86_64-linux-gnu/libnss_nis-2.13.so
7f0da9f7d000-7f0da9f94000 r-xp 00000000 08:05 918971                     /lib/x86_64-linux-gnu/libnsl-2.13.so
7f0da9f94000-7f0daa193000 ---p 00017000 08:05 918971                     /lib/x86_64-linux-gnu/libnsl-2.13.so
7f0daa193000-7f0daa194000 r--p 00016000 08:05 918971                     /lib/x86_64-linux-gnu/libnsl-2.13.so
7f0daa194000-7f0daa195000 rw-p 00017000 08:05 918971                     /lib/x86_64-linux-gnu/libnsl-2.13.so
7f0daa195000-7f0daa197000 rw-p 00000000 00:00 0 
7f0daa197000-7f0daa19f000 r-xp 00000000 08:05 918972                     /lib/x86_64-linux-gnu/libnss_compat-2.13.so
7f0daa19f000-7f0daa39e000 ---p 00008000 08:05 918972                     /lib/x86_64-linux-gnu/libnss_compat-2.13.so
7f0daa39e000-7f0daa39f000 r--p 00007000 08:05 918972                     /lib/x86_64-linux-gnu/libnss_compat-2.13.so
7f0daa39f000-7f0daa3a0000 rw-p 00008000 08:05 918972                     /lib/x86_64-linux-gnu/libnss_compat-2.13.so
7f0daa3a0000-7f0daa3c9000 r-xp 00000000 08:05 18286627                   /usr/lib/jvm/java-7-oracle/jre/lib/amd64/libjava.so
7f0daa3c9000-7f0daa5c9000 ---p 00029000 08:05 18286627                   /usr/lib/jvm/java-7-oracle/jre/lib/amd64/libjava.so
7f0daa5c9000-7f0daa5cb000 rw-p 00029000 08:05 18286627                   /usr/lib/jvm/java-7-oracle/jre/lib/amd64/libjava.so
7f0daa5cb000-7f0daa5da000 r-xp 00000000 08:05 18286630                   /usr/lib/jvm/java-7-oracle/jre/lib/amd64/libverify.so
7f0daa5da000-7f0daa7d9000 ---p 0000f000 08:05 18286630                   /usr/lib/jvm/java-7-oracle/jre/lib/amd64/libverify.so
7f0daa7d9000-7f0daa7db000 rw-p 0000e000 08:05 18286630                   /usr/lib/jvm/java-7-oracle/jre/lib/amd64/libverify.so
7f0daa7db000-7f0daa7e2000 r-xp 00000000 08:05 918994                     /lib/x86_64-linux-gnu/librt-2.13.so
7f0daa7e2000-7f0daa9e1000 ---p 00007000 08:05 918994                     /lib/x86_64-linux-gnu/librt-2.13.so
7f0daa9e1000-7f0daa9e2000 r--p 00006000 08:05 918994                     /lib/x86_64-linux-gnu/librt-2.13.so
7f0daa9e2000-7f0daa9e3000 rw-p 00007000 08:05 918994                     /lib/x86_64-linux-gnu/librt-2.13.so
7f0daa9e3000-7f0daaa66000 r-xp 00000000 08:05 918969                     /lib/x86_64-linux-gnu/libm-2.13.so
7f0daaa66000-7f0daac65000 ---p 00083000 08:05 918969                     /lib/x86_64-linux-gnu/libm-2.13.so
7f0daac65000-7f0daac66000 r--p 00082000 08:05 918969                     /lib/x86_64-linux-gnu/libm-2.13.so
7f0daac66000-7f0daac67000 rw-p 00083000 08:05 918969                     /lib/x86_64-linux-gnu/libm-2.13.so
7f0daac67000-7f0dab647000 r-xp 00000000 08:05 18286601                   /usr/lib/jvm/java-7-oracle/jre/lib/amd64/server/libjvm.so
7f0dab647000-7f0dab847000 ---p 009e0000 08:05 18286601                   /usr/lib/jvm/java-7-oracle/jre/lib/amd64/server/libjvm.so
7f0dab847000-7f0dab8e4000 rw-p 009e0000 08:05 18286601                   /usr/lib/jvm/java-7-oracle/jre/lib/amd64/server/libjvm.so
7f0dab8e4000-7f0dab91d000 rw-p 00000000 00:00 0 
7f0dab91d000-7f0dabab4000 r-xp 00000000 08:05 918965                     /lib/x86_64-linux-gnu/libc-2.13.so
7f0dabab4000-7f0dabcb3000 ---p 00197000 08:05 918965                     /lib/x86_64-linux-gnu/libc-2.13.so
7f0dabcb3000-7f0dabcb7000 r--p 00196000 08:05 918965                     /lib/x86_64-linux-gnu/libc-2.13.so
7f0dabcb7000-7f0dabcb8000 rw-p 0019a000 08:05 918965                     /lib/x86_64-linux-gnu/libc-2.13.so
7f0dabcb8000-7f0dabcbe000 rw-p 00000000 00:00 0 
7f0dabcbe000-7f0dabcc0000 r-xp 00000000 08:05 918968                     /lib/x86_64-linux-gnu/libdl-2.13.so
7f0dabcc0000-7f0dabec0000 ---p 00002000 08:05 918968                     /lib/x86_64-linux-gnu/libdl-2.13.so
7f0dabec0000-7f0dabec1000 r--p 00002000 08:05 918968                     /lib/x86_64-linux-gnu/libdl-2.13.so
7f0dabec1000-7f0dabec2000 rw-p 00003000 08:05 918968                     /lib/x86_64-linux-gnu/libdl-2.13.so
7f0dabec2000-7f0dabed8000 r-xp 00000000 08:05 18286623                   /usr/lib/jvm/java-7-oracle/jre/lib/amd64/jli/libjli.so
7f0dabed8000-7f0dac0d7000 ---p 00016000 08:05 18286623                   /usr/lib/jvm/java-7-oracle/jre/lib/amd64/jli/libjli.so
7f0dac0d7000-7f0dac0d8000 rw-p 00015000 08:05 18286623                   /usr/lib/jvm/java-7-oracle/jre/lib/amd64/jli/libjli.so
7f0dac0d8000-7f0dac0f0000 r-xp 00000000 08:05 918992                     /lib/x86_64-linux-gnu/libpthread-2.13.so
7f0dac0f0000-7f0dac2ef000 ---p 00018000 08:05 918992                     /lib/x86_64-linux-gnu/libpthread-2.13.so
7f0dac2ef000-7f0dac2f0000 r--p 00017000 08:05 918992                     /lib/x86_64-linux-gnu/libpthread-2.13.so
7f0dac2f0000-7f0dac2f1000 rw-p 00018000 08:05 918992                     /lib/x86_64-linux-gnu/libpthread-2.13.so
7f0dac2f1000-7f0dac2f5000 rw-p 00000000 00:00 0 
7f0dac2f5000-7f0dac316000 r-xp 00000000 08:05 917609                     /lib/x86_64-linux-gnu/ld-2.13.so
7f0dac32d000-7f0dac337000 rw-p 00000000 00:00 0 
7f0dac337000-7f0dac3ed000 rw-p 00000000 00:00 0 
7f0dac3ed000-7f0dac3f0000 ---p 00000000 00:00 0 
7f0dac3f0000-7f0dac4f2000 rw-p 00000000 00:00 0 
7f0dac501000-7f0dac502000 r--p 00000000 00:00 0 
7f0dac502000-7f0dac505000 r--s 000f7000 08:05 18286660                   /usr/lib/jvm/java-7-oracle/jre/lib/ext/localedata.jar
7f0dac505000-7f0dac509000 r--s 00088000 08:05 4571156                    /usr/lib/jvm/java-7-oracle/jre/lib/jsse.jar
7f0dac509000-7f0dac511000 rw-s 00000000 00:11 297008                     /tmp/hsperfdata_lb3/24976
7f0dac511000-7f0dac512000 rw-p 00000000 00:00 0 
7f0dac512000-7f0dac513000 r--p 00000000 00:00 0 
7f0dac513000-7f0dac515000 rw-p 00000000 00:00 0 
7f0dac515000-7f0dac516000 r--p 00020000 08:05 917609                     /lib/x86_64-linux-gnu/ld-2.13.so
7f0dac516000-7f0dac518000 rw-p 00021000 08:05 917609                     /lib/x86_64-linux-gnu/ld-2.13.so
7fff951a1000-7fff951c2000 rw-p 00000000 00:00 0                          [stack]
7fff951ff000-7fff95200000 r-xp 00000000 00:00 0                          [vdso]
ffffffffff600000-ffffffffff601000 r-xp 00000000 00:00 0                  [vsyscall]

VM Arguments:
java_command: /home/lb3/Projects/ocpsoft/prettyfaces/annotations/target/surefire/surefirebooter8045364880410000963.jar /home/lb3/Projects/ocpsoft/prettyfaces/annotations/target/surefire/surefire2028722231788589480tmp /home/lb3/Projects/ocpsoft/prettyfaces/annotations/target/surefire/surefire423705582884031681tmp
Launcher Type: SUN_STANDARD

Environment Variables:
JAVA_HOME=/usr/lib/jvm/java-7-oracle
PATH=/home/lb3/bin:/usr/lib/jvm/java-7-oracle/bin:/home/lb3/Development/forge/bin:/home/lb3/Development/apache-maven-3.0.2/bin:/var/lib/gems/1.8/bin:/home/lb3/bin:/usr/lib/jvm/java-7-oracle/bin:/home/lb3/Development/forge/bin:/home/lb3/Development/apache-maven-3.0.2/bin:/var/lib/gems/1.8/bin:/home/lb3/bin:/usr/lib/jvm/java-7-oracle/bin:/home/lb3/Development/forge/bin:/home/lb3/Development/apache-maven-3.0.2/bin:/var/lib/gems/1.8/bin:/usr/lib/lightdm/lightdm:/usr/local/sbin:/usr/local/bin:/usr/sbin:/usr/bin:/sbin:/bin:/usr/games
USERNAME=lb3
SHELL=/bin/bash
DISPLAY=:0.0

Signal Handlers:
SIGSEGV: [libjvm.so+0x856f20], sa_mask[0]=0x7ffbfeff, sa_flags=0x10000004
SIGBUS: [libjvm.so+0x856f20], sa_mask[0]=0x7ffbfeff, sa_flags=0x10000004
SIGFPE: [libjvm.so+0x6fd190], sa_mask[0]=0x7ffbfeff, sa_flags=0x10000004
SIGPIPE: [libjvm.so+0x6fd190], sa_mask[0]=0x7ffbfeff, sa_flags=0x10000004
SIGXFSZ: [libjvm.so+0x6fd190], sa_mask[0]=0x7ffbfeff, sa_flags=0x10000004
SIGILL: [libjvm.so+0x6fd190], sa_mask[0]=0x7ffbfeff, sa_flags=0x10000004
SIGUSR1: SIG_DFL, sa_mask[0]=0x00000000, sa_flags=0x00000000
SIGUSR2: [libjvm.so+0x6fcb00], sa_mask[0]=0x00000004, sa_flags=0x10000004
SIGHUP: [libjvm.so+0x6fee70], sa_mask[0]=0x7ffbfeff, sa_flags=0x10000004
SIGINT: [libjvm.so+0x6fee70], sa_mask[0]=0x7ffbfeff, sa_flags=0x10000004
SIGTERM: [libjvm.so+0x6fee70], sa_mask[0]=0x7ffbfeff, sa_flags=0x10000004
SIGQUIT: [libjvm.so+0x6fee70], sa_mask[0]=0x7ffbfeff, sa_flags=0x10000004


---------------  S Y S T E M  ---------------

OS:wheezy/sid

uname:Linux 3.0.0-17-generic #30-Ubuntu SMP Thu Mar 8 20:45:39 UTC 2012 x86_64
libc:glibc 2.13 NPTL 2.13 
rlimit: STACK 8192k, CORE 0k, NPROC 47705, NOFILE 4096, AS infinity
load average:0.79 0.35 0.21

/proc/meminfo:
MemTotal:        6124076 kB
MemFree:          470660 kB
Buffers:           98104 kB
Cached:          1021352 kB
SwapCached:         3840 kB
Active:          3426448 kB
Inactive:        1248152 kB
Active(anon):    2875676 kB
Inactive(anon):   703952 kB
Active(file):     550772 kB
Inactive(file):   544200 kB
Unevictable:          64 kB
Mlocked:              64 kB
SwapTotal:       7812092 kB
SwapFree:        7775204 kB
Dirty:              2176 kB
Writeback:             0 kB
AnonPages:       3551880 kB
Mapped:           247264 kB
Shmem:             24396 kB
Slab:             753884 kB
SReclaimable:     677352 kB
SUnreclaim:        76532 kB
KernelStack:        5296 kB
PageTables:        45752 kB
NFS_Unstable:          0 kB
Bounce:                0 kB
WritebackTmp:          0 kB
CommitLimit:    10874128 kB
Committed_AS:    7435952 kB
VmallocTotal:   34359738367 kB
VmallocUsed:      180008 kB
VmallocChunk:   34359547700 kB
HardwareCorrupted:     0 kB
AnonHugePages:         0 kB
HugePages_Total:       0
HugePages_Free:        0
HugePages_Rsvd:        0
HugePages_Surp:        0
Hugepagesize:       2048 kB
DirectMap4k:      584576 kB
DirectMap2M:     5705728 kB


CPU:total 4 (4 cores per cpu, 1 threads per core) family 6 model 15 stepping 11, cmov, cx8, fxsr, mmx, sse, sse2, sse3, ssse3

/proc/cpuinfo:
processor	: 0
vendor_id	: GenuineIntel
cpu family	: 6
model		: 15
model name	: Intel(R) Core(TM)2 Quad CPU    Q6600  @ 2.40GHz
stepping	: 11
cpu MHz		: 2400.000
cache size	: 4096 KB
physical id	: 0
siblings	: 4
core id		: 0
cpu cores	: 4
apicid		: 0
initial apicid	: 0
fpu		: yes
fpu_exception	: yes
cpuid level	: 10
wp		: yes
flags		: fpu vme de pse tsc msr pae mce cx8 apic sep mtrr pge mca cmov pat pse36 clflush dts acpi mmx fxsr sse sse2 ss ht tm pbe syscall nx lm constant_tsc arch_perfmon pebs bts rep_good nopl aperfmperf pni dtes64 monitor ds_cpl vmx est tm2 ssse3 cx16 xtpr pdcm lahf_lm dts tpr_shadow vnmi flexpriority
bogomips	: 4799.51
clflush size	: 64
cache_alignment	: 64
address sizes	: 36 bits physical, 48 bits virtual
power management:

processor	: 1
vendor_id	: GenuineIntel
cpu family	: 6
model		: 15
model name	: Intel(R) Core(TM)2 Quad CPU    Q6600  @ 2.40GHz
stepping	: 11
cpu MHz		: 2400.000
cache size	: 4096 KB
physical id	: 0
siblings	: 4
core id		: 1
cpu cores	: 4
apicid		: 1
initial apicid	: 1
fpu		: yes
fpu_exception	: yes
cpuid level	: 10
wp		: yes
flags		: fpu vme de pse tsc msr pae mce cx8 apic sep mtrr pge mca cmov pat pse36 clflush dts acpi mmx fxsr sse sse2 ss ht tm pbe syscall nx lm constant_tsc arch_perfmon pebs bts rep_good nopl aperfmperf pni dtes64 monitor ds_cpl vmx est tm2 ssse3 cx16 xtpr pdcm lahf_lm dts tpr_shadow vnmi flexpriority
bogomips	: 4800.17
clflush size	: 64
cache_alignment	: 64
address sizes	: 36 bits physical, 48 bits virtual
power management:

processor	: 2
vendor_id	: GenuineIntel
cpu family	: 6
model		: 15
model name	: Intel(R) Core(TM)2 Quad CPU    Q6600  @ 2.40GHz
stepping	: 11
cpu MHz		: 1600.000
cache size	: 4096 KB
physical id	: 0
siblings	: 4
core id		: 3
cpu cores	: 4
apicid		: 3
initial apicid	: 3
fpu		: yes
fpu_exception	: yes
cpuid level	: 10
wp		: yes
flags		: fpu vme de pse tsc msr pae mce cx8 apic sep mtrr pge mca cmov pat pse36 clflush dts acpi mmx fxsr sse sse2 ss ht tm pbe syscall nx lm constant_tsc arch_perfmon pebs bts rep_good nopl aperfmperf pni dtes64 monitor ds_cpl vmx est tm2 ssse3 cx16 xtpr pdcm lahf_lm dts tpr_shadow vnmi flexpriority
bogomips	: 4800.18
clflush size	: 64
cache_alignment	: 64
address sizes	: 36 bits physical, 48 bits virtual
power management:

processor	: 3
vendor_id	: GenuineIntel
cpu family	: 6
model		: 15
model name	: Intel(R) Core(TM)2 Quad CPU    Q6600  @ 2.40GHz
stepping	: 11
cpu MHz		: 1600.000
cache size	: 4096 KB
physical id	: 0
siblings	: 4
core id		: 2
cpu cores	: 4
apicid		: 2
initial apicid	: 2
fpu		: yes
fpu_exception	: yes
cpuid level	: 10
wp		: yes
flags		: fpu vme de pse tsc msr pae mce cx8 apic sep mtrr pge mca cmov pat pse36 clflush dts acpi mmx fxsr sse sse2 ss ht tm pbe syscall nx lm constant_tsc arch_perfmon pebs bts rep_good nopl aperfmperf pni dtes64 monitor ds_cpl vmx est tm2 ssse3 cx16 xtpr pdcm lahf_lm dts tpr_shadow vnmi flexpriority
bogomips	: 4800.17
clflush size	: 64
cache_alignment	: 64
address sizes	: 36 bits physical, 48 bits virtual
power management:



Memory: 4k page, physical 6124076k(470660k free), swap 7812092k(7775204k free)

vm_info: Java HotSpot(TM) 64-Bit Server VM (22.1-b02) for linux-amd64 JRE (1.7.0_03-b04), built on Jan 20 2012 11:58:56 by "java_re" with gcc 4.3.0 20080428 (Red Hat 4.3.0-8)

time: Mon Apr 23 14:28:22 2012
elapsed time: 3 seconds

